2019-02-14T06:30:51+00:00 CRITICAL Uncaught Error: [] operator not supported for strings in /var/www/html/wp-content/plugins/uncode-core/vc_extend/add_components.php:43
Stack trace:
#0 /var/www/html/wp-includes/class-wp-hook.php(286): uncode_fieldAttachedMedia('')
#1 /var/www/html/wp-includes/class-wp-hook.php(310): WP_Hook->apply_filters('', Array)
#2 /var/www/html/wp-includes/plugin.php(453): WP_Hook->do_action(Array)
#3 /var/www/html/wp-admin/admin-ajax.php(99): do_action('wp_ajax_fieldAt...')
#4 {main}
  thrown in /var/www/html/wp-content/plugins/uncode-core/vc_extend/add_components.php on line 43

2019-02-14T06:33:36+00:00 CRITICAL Uncaught Error: [] operator not supported for strings in /var/www/html/wp-content/plugins/uncode-core/vc_extend/add_components.php:43
Stack trace:
#0 /var/www/html/wp-includes/class-wp-hook.php(286): uncode_fieldAttachedMedia('')
#1 /var/www/html/wp-includes/class-wp-hook.php(310): WP_Hook->apply_filters('', Array)
#2 /var/www/html/wp-includes/plugin.php(453): WP_Hook->do_action(Array)
#3 /var/www/html/wp-admin/admin-ajax.php(99): do_action('wp_ajax_fieldAt...')
#4 {main}
  thrown in /var/www/html/wp-content/plugins/uncode-core/vc_extend/add_components.php on line 43

2019-02-14T06:33:36+00:00 CRITICAL Uncaught Error: [] operator not supported for strings in /var/www/html/wp-content/plugins/uncode-core/vc_extend/add_components.php:43
Stack trace:
#0 /var/www/html/wp-includes/class-wp-hook.php(286): uncode_fieldAttachedMedia('')
#1 /var/www/html/wp-includes/class-wp-hook.php(310): WP_Hook->apply_filters('', Array)
#2 /var/www/html/wp-includes/plugin.php(453): WP_Hook->do_action(Array)
#3 /var/www/html/wp-admin/admin-ajax.php(99): do_action('wp_ajax_fieldAt...')
#4 {main}
  thrown in /var/www/html/wp-content/plugins/uncode-core/vc_extend/add_components.php on line 43

2019-02-14T06:34:16+00:00 CRITICAL Uncaught Error: [] operator not supported for strings in /var/www/html/wp-content/plugins/uncode-core/vc_extend/add_components.php:43
Stack trace:
#0 /var/www/html/wp-includes/class-wp-hook.php(286): uncode_fieldAttachedMedia('')
#1 /var/www/html/wp-includes/class-wp-hook.php(310): WP_Hook->apply_filters('', Array)
#2 /var/www/html/wp-includes/plugin.php(453): WP_Hook->do_action(Array)
#3 /var/www/html/wp-admin/admin-ajax.php(99): do_action('wp_ajax_fieldAt...')
#4 {main}
  thrown in /var/www/html/wp-content/plugins/uncode-core/vc_extend/add_components.php on line 43

2019-02-14T06:53:05+00:00 CRITICAL Uncaught Error: [] operator not supported for strings in /var/www/html/wp-content/plugins/uncode-core/vc_extend/add_components.php:43
Stack trace:
#0 /var/www/html/wp-includes/class-wp-hook.php(286): uncode_fieldAttachedMedia('')
#1 /var/www/html/wp-includes/class-wp-hook.php(310): WP_Hook->apply_filters('', Array)
#2 /var/www/html/wp-includes/plugin.php(453): WP_Hook->do_action(Array)
#3 /var/www/html/wp-admin/admin-ajax.php(99): do_action('wp_ajax_fieldAt...')
#4 {main}
  thrown in /var/www/html/wp-content/plugins/uncode-core/vc_extend/add_components.php on line 43

2019-02-14T06:53:06+00:00 CRITICAL Uncaught Error: [] operator not supported for strings in /var/www/html/wp-content/plugins/uncode-core/vc_extend/add_components.php:43
Stack trace:
#0 /var/www/html/wp-includes/class-wp-hook.php(286): uncode_fieldAttachedMedia('')
#1 /var/www/html/wp-includes/class-wp-hook.php(310): WP_Hook->apply_filters('', Array)
#2 /var/www/html/wp-includes/plugin.php(453): WP_Hook->do_action(Array)
#3 /var/www/html/wp-admin/admin-ajax.php(99): do_action('wp_ajax_fieldAt...')
#4 {main}
  thrown in /var/www/html/wp-content/plugins/uncode-core/vc_extend/add_components.php on line 43

2019-02-14T06:53:06+00:00 CRITICAL Uncaught Error: [] operator not supported for strings in /var/www/html/wp-content/plugins/uncode-core/vc_extend/add_components.php:43
Stack trace:
#0 /var/www/html/wp-includes/class-wp-hook.php(286): uncode_fieldAttachedMedia('')
#1 /var/www/html/wp-includes/class-wp-hook.php(310): WP_Hook->apply_filters('', Array)
#2 /var/www/html/wp-includes/plugin.php(453): WP_Hook->do_action(Array)
#3 /var/www/html/wp-admin/admin-ajax.php(99): do_action('wp_ajax_fieldAt...')
#4 {main}
  thrown in /var/www/html/wp-content/plugins/uncode-core/vc_extend/add_components.php on line 43

2019-02-14T06:53:06+00:00 CRITICAL Uncaught Error: [] operator not supported for strings in /var/www/html/wp-content/plugins/uncode-core/vc_extend/add_components.php:43
Stack trace:
#0 /var/www/html/wp-includes/class-wp-hook.php(286): uncode_fieldAttachedMedia('')
#1 /var/www/html/wp-includes/class-wp-hook.php(310): WP_Hook->apply_filters('', Array)
#2 /var/www/html/wp-includes/plugin.php(453): WP_Hook->do_action(Array)
#3 /var/www/html/wp-admin/admin-ajax.php(99): do_action('wp_ajax_fieldAt...')
#4 {main}
  thrown in /var/www/html/wp-content/plugins/uncode-core/vc_extend/add_components.php on line 43

2019-02-14T06:53:59+00:00 CRITICAL Uncaught Error: [] operator not supported for strings in /var/www/html/wp-content/plugins/uncode-core/vc_extend/add_components.php:43
Stack trace:
#0 /var/www/html/wp-includes/class-wp-hook.php(286): uncode_fieldAttachedMedia('')
#1 /var/www/html/wp-includes/class-wp-hook.php(310): WP_Hook->apply_filters('', Array)
#2 /var/www/html/wp-includes/plugin.php(453): WP_Hook->do_action(Array)
#3 /var/www/html/wp-admin/admin-ajax.php(99): do_action('wp_ajax_fieldAt...')
#4 {main}
  thrown in /var/www/html/wp-content/plugins/uncode-core/vc_extend/add_components.php on line 43

2019-02-14T06:53:59+00:00 CRITICAL Uncaught Error: [] operator not supported for strings in /var/www/html/wp-content/plugins/uncode-core/vc_extend/add_components.php:43
Stack trace:
#0 /var/www/html/wp-includes/class-wp-hook.php(286): uncode_fieldAttachedMedia('')
#1 /var/www/html/wp-includes/class-wp-hook.php(310): WP_Hook->apply_filters('', Array)
#2 /var/www/html/wp-includes/plugin.php(453): WP_Hook->do_action(Array)
#3 /var/www/html/wp-admin/admin-ajax.php(99): do_action('wp_ajax_fieldAt...')
#4 {main}
  thrown in /var/www/html/wp-content/plugins/uncode-core/vc_extend/add_components.php on line 43

2019-02-14T06:53:59+00:00 CRITICAL Uncaught Error: [] operator not supported for strings in /var/www/html/wp-content/plugins/uncode-core/vc_extend/add_components.php:43
Stack trace:
#0 /var/www/html/wp-includes/class-wp-hook.php(286): uncode_fieldAttachedMedia('')
#1 /var/www/html/wp-includes/class-wp-hook.php(310): WP_Hook->apply_filters('', Array)
#2 /var/www/html/wp-includes/plugin.php(453): WP_Hook->do_action(Array)
#3 /var/www/html/wp-admin/admin-ajax.php(99): do_action('wp_ajax_fieldAt...')
#4 {main}
  thrown in /var/www/html/wp-content/plugins/uncode-core/vc_extend/add_components.php on line 43

2019-02-14T06:54:59+00:00 CRITICAL Uncaught Error: [] operator not supported for strings in /var/www/html/wp-content/plugins/uncode-core/vc_extend/add_components.php:43
Stack trace:
#0 /var/www/html/wp-includes/class-wp-hook.php(286): uncode_fieldAttachedMedia('')
#1 /var/www/html/wp-includes/class-wp-hook.php(310): WP_Hook->apply_filters('', Array)
#2 /var/www/html/wp-includes/plugin.php(453): WP_Hook->do_action(Array)
#3 /var/www/html/wp-admin/admin-ajax.php(99): do_action('wp_ajax_fieldAt...')
#4 {main}
  thrown in /var/www/html/wp-content/plugins/uncode-core/vc_extend/add_components.php on line 43

2019-02-14T06:54:59+00:00 CRITICAL Uncaught Error: [] operator not supported for strings in /var/www/html/wp-content/plugins/uncode-core/vc_extend/add_components.php:43
Stack trace:
#0 /var/www/html/wp-includes/class-wp-hook.php(286): uncode_fieldAttachedMedia('')
#1 /var/www/html/wp-includes/class-wp-hook.php(310): WP_Hook->apply_filters('', Array)
#2 /var/www/html/wp-includes/plugin.php(453): WP_Hook->do_action(Array)
#3 /var/www/html/wp-admin/admin-ajax.php(99): do_action('wp_ajax_fieldAt...')
#4 {main}
  thrown in /var/www/html/wp-content/plugins/uncode-core/vc_extend/add_components.php on line 43

2019-02-14T06:54:59+00:00 CRITICAL Uncaught Error: [] operator not supported for strings in /var/www/html/wp-content/plugins/uncode-core/vc_extend/add_components.php:43
Stack trace:
#0 /var/www/html/wp-includes/class-wp-hook.php(286): uncode_fieldAttachedMedia('')
#1 /var/www/html/wp-includes/class-wp-hook.php(310): WP_Hook->apply_filters('', Array)
#2 /var/www/html/wp-includes/plugin.php(453): WP_Hook->do_action(Array)
#3 /var/www/html/wp-admin/admin-ajax.php(99): do_action('wp_ajax_fieldAt...')
#4 {main}
  thrown in /var/www/html/wp-content/plugins/uncode-core/vc_extend/add_components.php on line 43

2019-02-14T07:03:32+00:00 CRITICAL Uncaught Error: [] operator not supported for strings in /var/www/html/wp-content/plugins/uncode-core/vc_extend/add_components.php:43
Stack trace:
#0 /var/www/html/wp-includes/class-wp-hook.php(286): uncode_fieldAttachedMedia('')
#1 /var/www/html/wp-includes/class-wp-hook.php(310): WP_Hook->apply_filters('', Array)
#2 /var/www/html/wp-includes/plugin.php(453): WP_Hook->do_action(Array)
#3 /var/www/html/wp-admin/admin-ajax.php(99): do_action('wp_ajax_fieldAt...')
#4 {main}
  thrown in /var/www/html/wp-content/plugins/uncode-core/vc_extend/add_components.php on line 43

2019-02-14T07:03:32+00:00 CRITICAL Uncaught Error: [] operator not supported for strings in /var/www/html/wp-content/plugins/uncode-core/vc_extend/add_components.php:43
Stack trace:
#0 /var/www/html/wp-includes/class-wp-hook.php(286): uncode_fieldAttachedMedia('')
#1 /var/www/html/wp-includes/class-wp-hook.php(310): WP_Hook->apply_filters('', Array)
#2 /var/www/html/wp-includes/plugin.php(453): WP_Hook->do_action(Array)
#3 /var/www/html/wp-admin/admin-ajax.php(99): do_action('wp_ajax_fieldAt...')
#4 {main}
  thrown in /var/www/html/wp-content/plugins/uncode-core/vc_extend/add_components.php on line 43

2019-02-14T07:03:32+00:00 CRITICAL Uncaught Error: [] operator not supported for strings in /var/www/html/wp-content/plugins/uncode-core/vc_extend/add_components.php:43
Stack trace:
#0 /var/www/html/wp-includes/class-wp-hook.php(286): uncode_fieldAttachedMedia('')
#1 /var/www/html/wp-includes/class-wp-hook.php(310): WP_Hook->apply_filters('', Array)
#2 /var/www/html/wp-includes/plugin.php(453): WP_Hook->do_action(Array)
#3 /var/www/html/wp-admin/admin-ajax.php(99): do_action('wp_ajax_fieldAt...')
#4 {main}
  thrown in /var/www/html/wp-content/plugins/uncode-core/vc_extend/add_components.php on line 43

2019-02-14T07:03:32+00:00 CRITICAL Uncaught Error: [] operator not supported for strings in /var/www/html/wp-content/plugins/uncode-core/vc_extend/add_components.php:43
Stack trace:
#0 /var/www/html/wp-includes/class-wp-hook.php(286): uncode_fieldAttachedMedia('')
#1 /var/www/html/wp-includes/class-wp-hook.php(310): WP_Hook->apply_filters('', Array)
#2 /var/www/html/wp-includes/plugin.php(453): WP_Hook->do_action(Array)
#3 /var/www/html/wp-admin/admin-ajax.php(99): do_action('wp_ajax_fieldAt...')
#4 {main}
  thrown in /var/www/html/wp-content/plugins/uncode-core/vc_extend/add_components.php on line 43

2019-02-14T07:03:32+00:00 CRITICAL Uncaught Error: [] operator not supported for strings in /var/www/html/wp-content/plugins/uncode-core/vc_extend/add_components.php:43
Stack trace:
#0 /var/www/html/wp-includes/class-wp-hook.php(286): uncode_fieldAttachedMedia('')
#1 /var/www/html/wp-includes/class-wp-hook.php(310): WP_Hook->apply_filters('', Array)
#2 /var/www/html/wp-includes/plugin.php(453): WP_Hook->do_action(Array)
#3 /var/www/html/wp-admin/admin-ajax.php(99): do_action('wp_ajax_fieldAt...')
#4 {main}
  thrown in /var/www/html/wp-content/plugins/uncode-core/vc_extend/add_components.php on line 43

2019-02-14T07:03:32+00:00 CRITICAL Uncaught Error: [] operator not supported for strings in /var/www/html/wp-content/plugins/uncode-core/vc_extend/add_components.php:43
Stack trace:
#0 /var/www/html/wp-includes/class-wp-hook.php(286): uncode_fieldAttachedMedia('')
#1 /var/www/html/wp-includes/class-wp-hook.php(310): WP_Hook->apply_filters('', Array)
#2 /var/www/html/wp-includes/plugin.php(453): WP_Hook->do_action(Array)
#3 /var/www/html/wp-admin/admin-ajax.php(99): do_action('wp_ajax_fieldAt...')
#4 {main}
  thrown in /var/www/html/wp-content/plugins/uncode-core/vc_extend/add_components.php on line 43

2019-02-14T07:04:40+00:00 CRITICAL Uncaught Error: [] operator not supported for strings in /var/www/html/wp-content/plugins/uncode-core/vc_extend/add_components.php:43
Stack trace:
#0 /var/www/html/wp-includes/class-wp-hook.php(286): uncode_fieldAttachedMedia('')
#1 /var/www/html/wp-includes/class-wp-hook.php(310): WP_Hook->apply_filters('', Array)
#2 /var/www/html/wp-includes/plugin.php(453): WP_Hook->do_action(Array)
#3 /var/www/html/wp-admin/admin-ajax.php(99): do_action('wp_ajax_fieldAt...')
#4 {main}
  thrown in /var/www/html/wp-content/plugins/uncode-core/vc_extend/add_components.php on line 43

2019-02-14T07:04:40+00:00 CRITICAL Uncaught Error: [] operator not supported for strings in /var/www/html/wp-content/plugins/uncode-core/vc_extend/add_components.php:43
Stack trace:
#0 /var/www/html/wp-includes/class-wp-hook.php(286): uncode_fieldAttachedMedia('')
#1 /var/www/html/wp-includes/class-wp-hook.php(310): WP_Hook->apply_filters('', Array)
#2 /var/www/html/wp-includes/plugin.php(453): WP_Hook->do_action(Array)
#3 /var/www/html/wp-admin/admin-ajax.php(99): do_action('wp_ajax_fieldAt...')
#4 {main}
  thrown in /var/www/html/wp-content/plugins/uncode-core/vc_extend/add_components.php on line 43

2019-02-14T07:04:40+00:00 CRITICAL Uncaught Error: [] operator not supported for strings in /var/www/html/wp-content/plugins/uncode-core/vc_extend/add_components.php:43
Stack trace:
#0 /var/www/html/wp-includes/class-wp-hook.php(286): uncode_fieldAttachedMedia('')
#1 /var/www/html/wp-includes/class-wp-hook.php(310): WP_Hook->apply_filters('', Array)
#2 /var/www/html/wp-includes/plugin.php(453): WP_Hook->do_action(Array)
#3 /var/www/html/wp-admin/admin-ajax.php(99): do_action('wp_ajax_fieldAt...')
#4 {main}
  thrown in /var/www/html/wp-content/plugins/uncode-core/vc_extend/add_components.php on line 43

2019-02-14T07:04:40+00:00 CRITICAL Uncaught Error: [] operator not supported for strings in /var/www/html/wp-content/plugins/uncode-core/vc_extend/add_components.php:43
Stack trace:
#0 /var/www/html/wp-includes/class-wp-hook.php(286): uncode_fieldAttachedMedia('')
#1 /var/www/html/wp-includes/class-wp-hook.php(310): WP_Hook->apply_filters('', Array)
#2 /var/www/html/wp-includes/plugin.php(453): WP_Hook->do_action(Array)
#3 /var/www/html/wp-admin/admin-ajax.php(99): do_action('wp_ajax_fieldAt...')
#4 {main}
  thrown in /var/www/html/wp-content/plugins/uncode-core/vc_extend/add_components.php on line 43

2019-02-14T07:04:40+00:00 CRITICAL Uncaught Error: [] operator not supported for strings in /var/www/html/wp-content/plugins/uncode-core/vc_extend/add_components.php:43
Stack trace:
#0 /var/www/html/wp-includes/class-wp-hook.php(286): uncode_fieldAttachedMedia('')
#1 /var/www/html/wp-includes/class-wp-hook.php(310): WP_Hook->apply_filters('', Array)
#2 /var/www/html/wp-includes/plugin.php(453): WP_Hook->do_action(Array)
#3 /var/www/html/wp-admin/admin-ajax.php(99): do_action('wp_ajax_fieldAt...')
#4 {main}
  thrown in /var/www/html/wp-content/plugins/uncode-core/vc_extend/add_components.php on line 43

2019-02-14T07:04:40+00:00 CRITICAL Uncaught Error: [] operator not supported for strings in /var/www/html/wp-content/plugins/uncode-core/vc_extend/add_components.php:43
Stack trace:
#0 /var/www/html/wp-includes/class-wp-hook.php(286): uncode_fieldAttachedMedia('')
#1 /var/www/html/wp-includes/class-wp-hook.php(310): WP_Hook->apply_filters('', Array)
#2 /var/www/html/wp-includes/plugin.php(453): WP_Hook->do_action(Array)
#3 /var/www/html/wp-admin/admin-ajax.php(99): do_action('wp_ajax_fieldAt...')
#4 {main}
  thrown in /var/www/html/wp-content/plugins/uncode-core/vc_extend/add_components.php on line 43

2019-02-14T07:04:55+00:00 CRITICAL Uncaught Error: [] operator not supported for strings in /var/www/html/wp-content/plugins/uncode-core/vc_extend/add_components.php:43
Stack trace:
#0 /var/www/html/wp-includes/class-wp-hook.php(286): uncode_fieldAttachedMedia('')
#1 /var/www/html/wp-includes/class-wp-hook.php(310): WP_Hook->apply_filters('', Array)
#2 /var/www/html/wp-includes/plugin.php(453): WP_Hook->do_action(Array)
#3 /var/www/html/wp-admin/admin-ajax.php(99): do_action('wp_ajax_fieldAt...')
#4 {main}
  thrown in /var/www/html/wp-content/plugins/uncode-core/vc_extend/add_components.php on line 43

2019-02-14T07:04:55+00:00 CRITICAL Uncaught Error: [] operator not supported for strings in /var/www/html/wp-content/plugins/uncode-core/vc_extend/add_components.php:43
Stack trace:
#0 /var/www/html/wp-includes/class-wp-hook.php(286): uncode_fieldAttachedMedia('')
#1 /var/www/html/wp-includes/class-wp-hook.php(310): WP_Hook->apply_filters('', Array)
#2 /var/www/html/wp-includes/plugin.php(453): WP_Hook->do_action(Array)
#3 /var/www/html/wp-admin/admin-ajax.php(99): do_action('wp_ajax_fieldAt...')
#4 {main}
  thrown in /var/www/html/wp-content/plugins/uncode-core/vc_extend/add_components.php on line 43

2019-02-14T07:04:55+00:00 CRITICAL Uncaught Error: [] operator not supported for strings in /var/www/html/wp-content/plugins/uncode-core/vc_extend/add_components.php:43
Stack trace:
#0 /var/www/html/wp-includes/class-wp-hook.php(286): uncode_fieldAttachedMedia('')
#1 /var/www/html/wp-includes/class-wp-hook.php(310): WP_Hook->apply_filters('', Array)
#2 /var/www/html/wp-includes/plugin.php(453): WP_Hook->do_action(Array)
#3 /var/www/html/wp-admin/admin-ajax.php(99): do_action('wp_ajax_fieldAt...')
#4 {main}
  thrown in /var/www/html/wp-content/plugins/uncode-core/vc_extend/add_components.php on line 43

2019-02-14T07:04:55+00:00 CRITICAL Uncaught Error: [] operator not supported for strings in /var/www/html/wp-content/plugins/uncode-core/vc_extend/add_components.php:43
Stack trace:
#0 /var/www/html/wp-includes/class-wp-hook.php(286): uncode_fieldAttachedMedia('')
#1 /var/www/html/wp-includes/class-wp-hook.php(310): WP_Hook->apply_filters('', Array)
#2 /var/www/html/wp-includes/plugin.php(453): WP_Hook->do_action(Array)
#3 /var/www/html/wp-admin/admin-ajax.php(99): do_action('wp_ajax_fieldAt...')
#4 {main}
  thrown in /var/www/html/wp-content/plugins/uncode-core/vc_extend/add_components.php on line 43

2019-02-14T07:04:55+00:00 CRITICAL Uncaught Error: [] operator not supported for strings in /var/www/html/wp-content/plugins/uncode-core/vc_extend/add_components.php:43
Stack trace:
#0 /var/www/html/wp-includes/class-wp-hook.php(286): uncode_fieldAttachedMedia('')
#1 /var/www/html/wp-includes/class-wp-hook.php(310): WP_Hook->apply_filters('', Array)
#2 /var/www/html/wp-includes/plugin.php(453): WP_Hook->do_action(Array)
#3 /var/www/html/wp-admin/admin-ajax.php(99): do_action('wp_ajax_fieldAt...')
#4 {main}
  thrown in /var/www/html/wp-content/plugins/uncode-core/vc_extend/add_components.php on line 43

2019-02-14T07:04:55+00:00 CRITICAL Uncaught Error: [] operator not supported for strings in /var/www/html/wp-content/plugins/uncode-core/vc_extend/add_components.php:43
Stack trace:
#0 /var/www/html/wp-includes/class-wp-hook.php(286): uncode_fieldAttachedMedia('')
#1 /var/www/html/wp-includes/class-wp-hook.php(310): WP_Hook->apply_filters('', Array)
#2 /var/www/html/wp-includes/plugin.php(453): WP_Hook->do_action(Array)
#3 /var/www/html/wp-admin/admin-ajax.php(99): do_action('wp_ajax_fieldAt...')
#4 {main}
  thrown in /var/www/html/wp-content/plugins/uncode-core/vc_extend/add_components.php on line 43

2019-02-14T23:32:32+00:00 CRITICAL Uncaught Error: [] operator not supported for strings in /var/www/html/wp-content/plugins/uncode-core/vc_extend/add_components.php:43
Stack trace:
#0 /var/www/html/wp-includes/class-wp-hook.php(286): uncode_fieldAttachedMedia('')
#1 /var/www/html/wp-includes/class-wp-hook.php(310): WP_Hook->apply_filters('', Array)
#2 /var/www/html/wp-includes/plugin.php(453): WP_Hook->do_action(Array)
#3 /var/www/html/wp-admin/admin-ajax.php(99): do_action('wp_ajax_fieldAt...')
#4 {main}
  thrown in /var/www/html/wp-content/plugins/uncode-core/vc_extend/add_components.php on line 43

2019-02-14T23:32:32+00:00 CRITICAL Uncaught Error: [] operator not supported for strings in /var/www/html/wp-content/plugins/uncode-core/vc_extend/add_components.php:43
Stack trace:
#0 /var/www/html/wp-includes/class-wp-hook.php(286): uncode_fieldAttachedMedia('')
#1 /var/www/html/wp-includes/class-wp-hook.php(310): WP_Hook->apply_filters('', Array)
#2 /var/www/html/wp-includes/plugin.php(453): WP_Hook->do_action(Array)
#3 /var/www/html/wp-admin/admin-ajax.php(99): do_action('wp_ajax_fieldAt...')
#4 {main}
  thrown in /var/www/html/wp-content/plugins/uncode-core/vc_extend/add_components.php on line 43

2019-02-14T23:34:34+00:00 CRITICAL Uncaught Error: [] operator not supported for strings in /var/www/html/wp-content/plugins/uncode-core/vc_extend/add_components.php:43
Stack trace:
#0 /var/www/html/wp-includes/class-wp-hook.php(286): uncode_fieldAttachedMedia('')
#1 /var/www/html/wp-includes/class-wp-hook.php(310): WP_Hook->apply_filters('', Array)
#2 /var/www/html/wp-includes/plugin.php(453): WP_Hook->do_action(Array)
#3 /var/www/html/wp-admin/admin-ajax.php(99): do_action('wp_ajax_fieldAt...')
#4 {main}
  thrown in /var/www/html/wp-content/plugins/uncode-core/vc_extend/add_components.php on line 43

