2019-02-19T21:28:37+00:00 CRITICAL Uncaught Error: [] operator not supported for strings in /var/www/html/wp-content/plugins/uncode-core/vc_extend/add_components.php:43
Stack trace:
#0 /var/www/html/wp-includes/class-wp-hook.php(286): uncode_fieldAttachedMedia('')
#1 /var/www/html/wp-includes/class-wp-hook.php(310): WP_Hook->apply_filters('', Array)
#2 /var/www/html/wp-includes/plugin.php(453): WP_Hook->do_action(Array)
#3 /var/www/html/wp-admin/admin-ajax.php(99): do_action('wp_ajax_fieldAt...')
#4 {main}
  thrown in /var/www/html/wp-content/plugins/uncode-core/vc_extend/add_components.php on line 43

2019-02-19T21:28:37+00:00 CRITICAL Uncaught Error: [] operator not supported for strings in /var/www/html/wp-content/plugins/uncode-core/vc_extend/add_components.php:43
Stack trace:
#0 /var/www/html/wp-includes/class-wp-hook.php(286): uncode_fieldAttachedMedia('')
#1 /var/www/html/wp-includes/class-wp-hook.php(310): WP_Hook->apply_filters('', Array)
#2 /var/www/html/wp-includes/plugin.php(453): WP_Hook->do_action(Array)
#3 /var/www/html/wp-admin/admin-ajax.php(99): do_action('wp_ajax_fieldAt...')
#4 {main}
  thrown in /var/www/html/wp-content/plugins/uncode-core/vc_extend/add_components.php on line 43

2019-02-19T21:28:37+00:00 CRITICAL Uncaught Error: [] operator not supported for strings in /var/www/html/wp-content/plugins/uncode-core/vc_extend/add_components.php:43
Stack trace:
#0 /var/www/html/wp-includes/class-wp-hook.php(286): uncode_fieldAttachedMedia('')
#1 /var/www/html/wp-includes/class-wp-hook.php(310): WP_Hook->apply_filters('', Array)
#2 /var/www/html/wp-includes/plugin.php(453): WP_Hook->do_action(Array)
#3 /var/www/html/wp-admin/admin-ajax.php(99): do_action('wp_ajax_fieldAt...')
#4 {main}
  thrown in /var/www/html/wp-content/plugins/uncode-core/vc_extend/add_components.php on line 43

2019-02-19T21:28:37+00:00 CRITICAL Uncaught Error: [] operator not supported for strings in /var/www/html/wp-content/plugins/uncode-core/vc_extend/add_components.php:43
Stack trace:
#0 /var/www/html/wp-includes/class-wp-hook.php(286): uncode_fieldAttachedMedia('')
#1 /var/www/html/wp-includes/class-wp-hook.php(310): WP_Hook->apply_filters('', Array)
#2 /var/www/html/wp-includes/plugin.php(453): WP_Hook->do_action(Array)
#3 /var/www/html/wp-admin/admin-ajax.php(99): do_action('wp_ajax_fieldAt...')
#4 {main}
  thrown in /var/www/html/wp-content/plugins/uncode-core/vc_extend/add_components.php on line 43

2019-02-19T21:28:40+00:00 CRITICAL Uncaught Error: [] operator not supported for strings in /var/www/html/wp-content/plugins/uncode-core/vc_extend/add_components.php:43
Stack trace:
#0 /var/www/html/wp-includes/class-wp-hook.php(286): uncode_fieldAttachedMedia('')
#1 /var/www/html/wp-includes/class-wp-hook.php(310): WP_Hook->apply_filters('', Array)
#2 /var/www/html/wp-includes/plugin.php(453): WP_Hook->do_action(Array)
#3 /var/www/html/wp-admin/admin-ajax.php(99): do_action('wp_ajax_fieldAt...')
#4 {main}
  thrown in /var/www/html/wp-content/plugins/uncode-core/vc_extend/add_components.php on line 43

2019-02-19T21:28:41+00:00 CRITICAL Uncaught Error: [] operator not supported for strings in /var/www/html/wp-content/plugins/uncode-core/vc_extend/add_components.php:43
Stack trace:
#0 /var/www/html/wp-includes/class-wp-hook.php(286): uncode_fieldAttachedMedia('')
#1 /var/www/html/wp-includes/class-wp-hook.php(310): WP_Hook->apply_filters('', Array)
#2 /var/www/html/wp-includes/plugin.php(453): WP_Hook->do_action(Array)
#3 /var/www/html/wp-admin/admin-ajax.php(99): do_action('wp_ajax_fieldAt...')
#4 {main}
  thrown in /var/www/html/wp-content/plugins/uncode-core/vc_extend/add_components.php on line 43

2019-02-19T21:28:41+00:00 CRITICAL Uncaught Error: [] operator not supported for strings in /var/www/html/wp-content/plugins/uncode-core/vc_extend/add_components.php:43
Stack trace:
#0 /var/www/html/wp-includes/class-wp-hook.php(286): uncode_fieldAttachedMedia('')
#1 /var/www/html/wp-includes/class-wp-hook.php(310): WP_Hook->apply_filters('', Array)
#2 /var/www/html/wp-includes/plugin.php(453): WP_Hook->do_action(Array)
#3 /var/www/html/wp-admin/admin-ajax.php(99): do_action('wp_ajax_fieldAt...')
#4 {main}
  thrown in /var/www/html/wp-content/plugins/uncode-core/vc_extend/add_components.php on line 43

2019-02-19T21:28:41+00:00 CRITICAL Uncaught Error: [] operator not supported for strings in /var/www/html/wp-content/plugins/uncode-core/vc_extend/add_components.php:43
Stack trace:
#0 /var/www/html/wp-includes/class-wp-hook.php(286): uncode_fieldAttachedMedia('')
#1 /var/www/html/wp-includes/class-wp-hook.php(310): WP_Hook->apply_filters('', Array)
#2 /var/www/html/wp-includes/plugin.php(453): WP_Hook->do_action(Array)
#3 /var/www/html/wp-admin/admin-ajax.php(99): do_action('wp_ajax_fieldAt...')
#4 {main}
  thrown in /var/www/html/wp-content/plugins/uncode-core/vc_extend/add_components.php on line 43

2019-02-19T21:28:41+00:00 CRITICAL Uncaught Error: [] operator not supported for strings in /var/www/html/wp-content/plugins/uncode-core/vc_extend/add_components.php:43
Stack trace:
#0 /var/www/html/wp-includes/class-wp-hook.php(286): uncode_fieldAttachedMedia('')
#1 /var/www/html/wp-includes/class-wp-hook.php(310): WP_Hook->apply_filters('', Array)
#2 /var/www/html/wp-includes/plugin.php(453): WP_Hook->do_action(Array)
#3 /var/www/html/wp-admin/admin-ajax.php(99): do_action('wp_ajax_fieldAt...')
#4 {main}
  thrown in /var/www/html/wp-content/plugins/uncode-core/vc_extend/add_components.php on line 43

2019-02-19T21:28:41+00:00 CRITICAL Uncaught Error: [] operator not supported for strings in /var/www/html/wp-content/plugins/uncode-core/vc_extend/add_components.php:43
Stack trace:
#0 /var/www/html/wp-includes/class-wp-hook.php(286): uncode_fieldAttachedMedia('')
#1 /var/www/html/wp-includes/class-wp-hook.php(310): WP_Hook->apply_filters('', Array)
#2 /var/www/html/wp-includes/plugin.php(453): WP_Hook->do_action(Array)
#3 /var/www/html/wp-admin/admin-ajax.php(99): do_action('wp_ajax_fieldAt...')
#4 {main}
  thrown in /var/www/html/wp-content/plugins/uncode-core/vc_extend/add_components.php on line 43

2019-02-19T21:28:44+00:00 CRITICAL Uncaught Error: [] operator not supported for strings in /var/www/html/wp-content/plugins/uncode-core/vc_extend/add_components.php:43
Stack trace:
#0 /var/www/html/wp-includes/class-wp-hook.php(286): uncode_fieldAttachedMedia('')
#1 /var/www/html/wp-includes/class-wp-hook.php(310): WP_Hook->apply_filters('', Array)
#2 /var/www/html/wp-includes/plugin.php(453): WP_Hook->do_action(Array)
#3 /var/www/html/wp-admin/admin-ajax.php(99): do_action('wp_ajax_fieldAt...')
#4 {main}
  thrown in /var/www/html/wp-content/plugins/uncode-core/vc_extend/add_components.php on line 43

2019-02-19T21:28:44+00:00 CRITICAL Uncaught Error: [] operator not supported for strings in /var/www/html/wp-content/plugins/uncode-core/vc_extend/add_components.php:43
Stack trace:
#0 /var/www/html/wp-includes/class-wp-hook.php(286): uncode_fieldAttachedMedia('')
#1 /var/www/html/wp-includes/class-wp-hook.php(310): WP_Hook->apply_filters('', Array)
#2 /var/www/html/wp-includes/plugin.php(453): WP_Hook->do_action(Array)
#3 /var/www/html/wp-admin/admin-ajax.php(99): do_action('wp_ajax_fieldAt...')
#4 {main}
  thrown in /var/www/html/wp-content/plugins/uncode-core/vc_extend/add_components.php on line 43

2019-02-19T21:28:44+00:00 CRITICAL Uncaught Error: [] operator not supported for strings in /var/www/html/wp-content/plugins/uncode-core/vc_extend/add_components.php:43
Stack trace:
#0 /var/www/html/wp-includes/class-wp-hook.php(286): uncode_fieldAttachedMedia('')
#1 /var/www/html/wp-includes/class-wp-hook.php(310): WP_Hook->apply_filters('', Array)
#2 /var/www/html/wp-includes/plugin.php(453): WP_Hook->do_action(Array)
#3 /var/www/html/wp-admin/admin-ajax.php(99): do_action('wp_ajax_fieldAt...')
#4 {main}
  thrown in /var/www/html/wp-content/plugins/uncode-core/vc_extend/add_components.php on line 43

2019-02-19T21:28:44+00:00 CRITICAL Uncaught Error: [] operator not supported for strings in /var/www/html/wp-content/plugins/uncode-core/vc_extend/add_components.php:43
Stack trace:
#0 /var/www/html/wp-includes/class-wp-hook.php(286): uncode_fieldAttachedMedia('')
#1 /var/www/html/wp-includes/class-wp-hook.php(310): WP_Hook->apply_filters('', Array)
#2 /var/www/html/wp-includes/plugin.php(453): WP_Hook->do_action(Array)
#3 /var/www/html/wp-admin/admin-ajax.php(99): do_action('wp_ajax_fieldAt...')
#4 {main}
  thrown in /var/www/html/wp-content/plugins/uncode-core/vc_extend/add_components.php on line 43

2019-02-19T21:28:44+00:00 CRITICAL Uncaught Error: [] operator not supported for strings in /var/www/html/wp-content/plugins/uncode-core/vc_extend/add_components.php:43
Stack trace:
#0 /var/www/html/wp-includes/class-wp-hook.php(286): uncode_fieldAttachedMedia('')
#1 /var/www/html/wp-includes/class-wp-hook.php(310): WP_Hook->apply_filters('', Array)
#2 /var/www/html/wp-includes/plugin.php(453): WP_Hook->do_action(Array)
#3 /var/www/html/wp-admin/admin-ajax.php(99): do_action('wp_ajax_fieldAt...')
#4 {main}
  thrown in /var/www/html/wp-content/plugins/uncode-core/vc_extend/add_components.php on line 43

2019-02-19T21:28:44+00:00 CRITICAL Uncaught Error: [] operator not supported for strings in /var/www/html/wp-content/plugins/uncode-core/vc_extend/add_components.php:43
Stack trace:
#0 /var/www/html/wp-includes/class-wp-hook.php(286): uncode_fieldAttachedMedia('')
#1 /var/www/html/wp-includes/class-wp-hook.php(310): WP_Hook->apply_filters('', Array)
#2 /var/www/html/wp-includes/plugin.php(453): WP_Hook->do_action(Array)
#3 /var/www/html/wp-admin/admin-ajax.php(99): do_action('wp_ajax_fieldAt...')
#4 {main}
  thrown in /var/www/html/wp-content/plugins/uncode-core/vc_extend/add_components.php on line 43

2019-02-19T21:28:54+00:00 CRITICAL Uncaught Error: [] operator not supported for strings in /var/www/html/wp-content/plugins/uncode-core/vc_extend/add_components.php:43
Stack trace:
#0 /var/www/html/wp-includes/class-wp-hook.php(286): uncode_fieldAttachedMedia('')
#1 /var/www/html/wp-includes/class-wp-hook.php(310): WP_Hook->apply_filters('', Array)
#2 /var/www/html/wp-includes/plugin.php(453): WP_Hook->do_action(Array)
#3 /var/www/html/wp-admin/admin-ajax.php(99): do_action('wp_ajax_fieldAt...')
#4 {main}
  thrown in /var/www/html/wp-content/plugins/uncode-core/vc_extend/add_components.php on line 43

2019-02-19T21:28:54+00:00 CRITICAL Uncaught Error: [] operator not supported for strings in /var/www/html/wp-content/plugins/uncode-core/vc_extend/add_components.php:43
Stack trace:
#0 /var/www/html/wp-includes/class-wp-hook.php(286): uncode_fieldAttachedMedia('')
#1 /var/www/html/wp-includes/class-wp-hook.php(310): WP_Hook->apply_filters('', Array)
#2 /var/www/html/wp-includes/plugin.php(453): WP_Hook->do_action(Array)
#3 /var/www/html/wp-admin/admin-ajax.php(99): do_action('wp_ajax_fieldAt...')
#4 {main}
  thrown in /var/www/html/wp-content/plugins/uncode-core/vc_extend/add_components.php on line 43

2019-02-19T21:28:54+00:00 CRITICAL Uncaught Error: [] operator not supported for strings in /var/www/html/wp-content/plugins/uncode-core/vc_extend/add_components.php:43
Stack trace:
#0 /var/www/html/wp-includes/class-wp-hook.php(286): uncode_fieldAttachedMedia('')
#1 /var/www/html/wp-includes/class-wp-hook.php(310): WP_Hook->apply_filters('', Array)
#2 /var/www/html/wp-includes/plugin.php(453): WP_Hook->do_action(Array)
#3 /var/www/html/wp-admin/admin-ajax.php(99): do_action('wp_ajax_fieldAt...')
#4 {main}
  thrown in /var/www/html/wp-content/plugins/uncode-core/vc_extend/add_components.php on line 43

2019-02-19T21:28:54+00:00 CRITICAL Uncaught Error: [] operator not supported for strings in /var/www/html/wp-content/plugins/uncode-core/vc_extend/add_components.php:43
Stack trace:
#0 /var/www/html/wp-includes/class-wp-hook.php(286): uncode_fieldAttachedMedia('')
#1 /var/www/html/wp-includes/class-wp-hook.php(310): WP_Hook->apply_filters('', Array)
#2 /var/www/html/wp-includes/plugin.php(453): WP_Hook->do_action(Array)
#3 /var/www/html/wp-admin/admin-ajax.php(99): do_action('wp_ajax_fieldAt...')
#4 {main}
  thrown in /var/www/html/wp-content/plugins/uncode-core/vc_extend/add_components.php on line 43

2019-02-19T21:28:54+00:00 CRITICAL Uncaught Error: [] operator not supported for strings in /var/www/html/wp-content/plugins/uncode-core/vc_extend/add_components.php:43
Stack trace:
#0 /var/www/html/wp-includes/class-wp-hook.php(286): uncode_fieldAttachedMedia('')
#1 /var/www/html/wp-includes/class-wp-hook.php(310): WP_Hook->apply_filters('', Array)
#2 /var/www/html/wp-includes/plugin.php(453): WP_Hook->do_action(Array)
#3 /var/www/html/wp-admin/admin-ajax.php(99): do_action('wp_ajax_fieldAt...')
#4 {main}
  thrown in /var/www/html/wp-content/plugins/uncode-core/vc_extend/add_components.php on line 43

2019-02-19T21:28:54+00:00 CRITICAL Uncaught Error: [] operator not supported for strings in /var/www/html/wp-content/plugins/uncode-core/vc_extend/add_components.php:43
Stack trace:
#0 /var/www/html/wp-includes/class-wp-hook.php(286): uncode_fieldAttachedMedia('')
#1 /var/www/html/wp-includes/class-wp-hook.php(310): WP_Hook->apply_filters('', Array)
#2 /var/www/html/wp-includes/plugin.php(453): WP_Hook->do_action(Array)
#3 /var/www/html/wp-admin/admin-ajax.php(99): do_action('wp_ajax_fieldAt...')
#4 {main}
  thrown in /var/www/html/wp-content/plugins/uncode-core/vc_extend/add_components.php on line 43

2019-02-19T21:30:25+00:00 CRITICAL Uncaught Error: [] operator not supported for strings in /var/www/html/wp-content/plugins/uncode-core/vc_extend/add_components.php:43
Stack trace:
#0 /var/www/html/wp-includes/class-wp-hook.php(286): uncode_fieldAttachedMedia('')
#1 /var/www/html/wp-includes/class-wp-hook.php(310): WP_Hook->apply_filters('', Array)
#2 /var/www/html/wp-includes/plugin.php(453): WP_Hook->do_action(Array)
#3 /var/www/html/wp-admin/admin-ajax.php(99): do_action('wp_ajax_fieldAt...')
#4 {main}
  thrown in /var/www/html/wp-content/plugins/uncode-core/vc_extend/add_components.php on line 43

2019-02-19T21:30:25+00:00 CRITICAL Uncaught Error: [] operator not supported for strings in /var/www/html/wp-content/plugins/uncode-core/vc_extend/add_components.php:43
Stack trace:
#0 /var/www/html/wp-includes/class-wp-hook.php(286): uncode_fieldAttachedMedia('')
#1 /var/www/html/wp-includes/class-wp-hook.php(310): WP_Hook->apply_filters('', Array)
#2 /var/www/html/wp-includes/plugin.php(453): WP_Hook->do_action(Array)
#3 /var/www/html/wp-admin/admin-ajax.php(99): do_action('wp_ajax_fieldAt...')
#4 {main}
  thrown in /var/www/html/wp-content/plugins/uncode-core/vc_extend/add_components.php on line 43

2019-02-19T21:30:25+00:00 CRITICAL Uncaught Error: [] operator not supported for strings in /var/www/html/wp-content/plugins/uncode-core/vc_extend/add_components.php:43
Stack trace:
#0 /var/www/html/wp-includes/class-wp-hook.php(286): uncode_fieldAttachedMedia('')
#1 /var/www/html/wp-includes/class-wp-hook.php(310): WP_Hook->apply_filters('', Array)
#2 /var/www/html/wp-includes/plugin.php(453): WP_Hook->do_action(Array)
#3 /var/www/html/wp-admin/admin-ajax.php(99): do_action('wp_ajax_fieldAt...')
#4 {main}
  thrown in /var/www/html/wp-content/plugins/uncode-core/vc_extend/add_components.php on line 43

2019-02-19T21:30:25+00:00 CRITICAL Uncaught Error: [] operator not supported for strings in /var/www/html/wp-content/plugins/uncode-core/vc_extend/add_components.php:43
Stack trace:
#0 /var/www/html/wp-includes/class-wp-hook.php(286): uncode_fieldAttachedMedia('')
#1 /var/www/html/wp-includes/class-wp-hook.php(310): WP_Hook->apply_filters('', Array)
#2 /var/www/html/wp-includes/plugin.php(453): WP_Hook->do_action(Array)
#3 /var/www/html/wp-admin/admin-ajax.php(99): do_action('wp_ajax_fieldAt...')
#4 {main}
  thrown in /var/www/html/wp-content/plugins/uncode-core/vc_extend/add_components.php on line 43

2019-02-19T21:30:25+00:00 CRITICAL Uncaught Error: [] operator not supported for strings in /var/www/html/wp-content/plugins/uncode-core/vc_extend/add_components.php:43
Stack trace:
#0 /var/www/html/wp-includes/class-wp-hook.php(286): uncode_fieldAttachedMedia('')
#1 /var/www/html/wp-includes/class-wp-hook.php(310): WP_Hook->apply_filters('', Array)
#2 /var/www/html/wp-includes/plugin.php(453): WP_Hook->do_action(Array)
#3 /var/www/html/wp-admin/admin-ajax.php(99): do_action('wp_ajax_fieldAt...')
#4 {main}
  thrown in /var/www/html/wp-content/plugins/uncode-core/vc_extend/add_components.php on line 43

2019-02-19T21:30:25+00:00 CRITICAL Uncaught Error: [] operator not supported for strings in /var/www/html/wp-content/plugins/uncode-core/vc_extend/add_components.php:43
Stack trace:
#0 /var/www/html/wp-includes/class-wp-hook.php(286): uncode_fieldAttachedMedia('')
#1 /var/www/html/wp-includes/class-wp-hook.php(310): WP_Hook->apply_filters('', Array)
#2 /var/www/html/wp-includes/plugin.php(453): WP_Hook->do_action(Array)
#3 /var/www/html/wp-admin/admin-ajax.php(99): do_action('wp_ajax_fieldAt...')
#4 {main}
  thrown in /var/www/html/wp-content/plugins/uncode-core/vc_extend/add_components.php on line 43

2019-02-19T21:30:25+00:00 CRITICAL Uncaught Error: [] operator not supported for strings in /var/www/html/wp-content/plugins/uncode-core/vc_extend/add_components.php:43
Stack trace:
#0 /var/www/html/wp-includes/class-wp-hook.php(286): uncode_fieldAttachedMedia('')
#1 /var/www/html/wp-includes/class-wp-hook.php(310): WP_Hook->apply_filters('', Array)
#2 /var/www/html/wp-includes/plugin.php(453): WP_Hook->do_action(Array)
#3 /var/www/html/wp-admin/admin-ajax.php(99): do_action('wp_ajax_fieldAt...')
#4 {main}
  thrown in /var/www/html/wp-content/plugins/uncode-core/vc_extend/add_components.php on line 43

2019-02-19T21:42:22+00:00 CRITICAL Uncaught Error: [] operator not supported for strings in /var/www/html/wp-content/plugins/uncode-core/vc_extend/add_components.php:43
Stack trace:
#0 /var/www/html/wp-includes/class-wp-hook.php(286): uncode_fieldAttachedMedia('')
#1 /var/www/html/wp-includes/class-wp-hook.php(310): WP_Hook->apply_filters('', Array)
#2 /var/www/html/wp-includes/plugin.php(453): WP_Hook->do_action(Array)
#3 /var/www/html/wp-admin/admin-ajax.php(99): do_action('wp_ajax_fieldAt...')
#4 {main}
  thrown in /var/www/html/wp-content/plugins/uncode-core/vc_extend/add_components.php on line 43

2019-02-19T21:42:22+00:00 CRITICAL Uncaught Error: [] operator not supported for strings in /var/www/html/wp-content/plugins/uncode-core/vc_extend/add_components.php:43
Stack trace:
#0 /var/www/html/wp-includes/class-wp-hook.php(286): uncode_fieldAttachedMedia('')
#1 /var/www/html/wp-includes/class-wp-hook.php(310): WP_Hook->apply_filters('', Array)
#2 /var/www/html/wp-includes/plugin.php(453): WP_Hook->do_action(Array)
#3 /var/www/html/wp-admin/admin-ajax.php(99): do_action('wp_ajax_fieldAt...')
#4 {main}
  thrown in /var/www/html/wp-content/plugins/uncode-core/vc_extend/add_components.php on line 43

2019-02-19T21:42:22+00:00 CRITICAL Uncaught Error: [] operator not supported for strings in /var/www/html/wp-content/plugins/uncode-core/vc_extend/add_components.php:43
Stack trace:
#0 /var/www/html/wp-includes/class-wp-hook.php(286): uncode_fieldAttachedMedia('')
#1 /var/www/html/wp-includes/class-wp-hook.php(310): WP_Hook->apply_filters('', Array)
#2 /var/www/html/wp-includes/plugin.php(453): WP_Hook->do_action(Array)
#3 /var/www/html/wp-admin/admin-ajax.php(99): do_action('wp_ajax_fieldAt...')
#4 {main}
  thrown in /var/www/html/wp-content/plugins/uncode-core/vc_extend/add_components.php on line 43

2019-02-19T21:42:22+00:00 CRITICAL Uncaught Error: [] operator not supported for strings in /var/www/html/wp-content/plugins/uncode-core/vc_extend/add_components.php:43
Stack trace:
#0 /var/www/html/wp-includes/class-wp-hook.php(286): uncode_fieldAttachedMedia('')
#1 /var/www/html/wp-includes/class-wp-hook.php(310): WP_Hook->apply_filters('', Array)
#2 /var/www/html/wp-includes/plugin.php(453): WP_Hook->do_action(Array)
#3 /var/www/html/wp-admin/admin-ajax.php(99): do_action('wp_ajax_fieldAt...')
#4 {main}
  thrown in /var/www/html/wp-content/plugins/uncode-core/vc_extend/add_components.php on line 43

2019-02-19T21:42:22+00:00 CRITICAL Uncaught Error: [] operator not supported for strings in /var/www/html/wp-content/plugins/uncode-core/vc_extend/add_components.php:43
Stack trace:
#0 /var/www/html/wp-includes/class-wp-hook.php(286): uncode_fieldAttachedMedia('')
#1 /var/www/html/wp-includes/class-wp-hook.php(310): WP_Hook->apply_filters('', Array)
#2 /var/www/html/wp-includes/plugin.php(453): WP_Hook->do_action(Array)
#3 /var/www/html/wp-admin/admin-ajax.php(99): do_action('wp_ajax_fieldAt...')
#4 {main}
  thrown in /var/www/html/wp-content/plugins/uncode-core/vc_extend/add_components.php on line 43

2019-02-19T21:42:41+00:00 CRITICAL Uncaught Error: [] operator not supported for strings in /var/www/html/wp-content/plugins/uncode-core/vc_extend/add_components.php:43
Stack trace:
#0 /var/www/html/wp-includes/class-wp-hook.php(286): uncode_fieldAttachedMedia('')
#1 /var/www/html/wp-includes/class-wp-hook.php(310): WP_Hook->apply_filters('', Array)
#2 /var/www/html/wp-includes/plugin.php(453): WP_Hook->do_action(Array)
#3 /var/www/html/wp-admin/admin-ajax.php(99): do_action('wp_ajax_fieldAt...')
#4 {main}
  thrown in /var/www/html/wp-content/plugins/uncode-core/vc_extend/add_components.php on line 43

2019-02-19T21:42:41+00:00 CRITICAL Uncaught Error: [] operator not supported for strings in /var/www/html/wp-content/plugins/uncode-core/vc_extend/add_components.php:43
Stack trace:
#0 /var/www/html/wp-includes/class-wp-hook.php(286): uncode_fieldAttachedMedia('')
#1 /var/www/html/wp-includes/class-wp-hook.php(310): WP_Hook->apply_filters('', Array)
#2 /var/www/html/wp-includes/plugin.php(453): WP_Hook->do_action(Array)
#3 /var/www/html/wp-admin/admin-ajax.php(99): do_action('wp_ajax_fieldAt...')
#4 {main}
  thrown in /var/www/html/wp-content/plugins/uncode-core/vc_extend/add_components.php on line 43

2019-02-19T21:42:41+00:00 CRITICAL Uncaught Error: [] operator not supported for strings in /var/www/html/wp-content/plugins/uncode-core/vc_extend/add_components.php:43
Stack trace:
#0 /var/www/html/wp-includes/class-wp-hook.php(286): uncode_fieldAttachedMedia('')
#1 /var/www/html/wp-includes/class-wp-hook.php(310): WP_Hook->apply_filters('', Array)
#2 /var/www/html/wp-includes/plugin.php(453): WP_Hook->do_action(Array)
#3 /var/www/html/wp-admin/admin-ajax.php(99): do_action('wp_ajax_fieldAt...')
#4 {main}
  thrown in /var/www/html/wp-content/plugins/uncode-core/vc_extend/add_components.php on line 43

2019-02-19T21:42:41+00:00 CRITICAL Uncaught Error: [] operator not supported for strings in /var/www/html/wp-content/plugins/uncode-core/vc_extend/add_components.php:43
Stack trace:
#0 /var/www/html/wp-includes/class-wp-hook.php(286): uncode_fieldAttachedMedia('')
#1 /var/www/html/wp-includes/class-wp-hook.php(310): WP_Hook->apply_filters('', Array)
#2 /var/www/html/wp-includes/plugin.php(453): WP_Hook->do_action(Array)
#3 /var/www/html/wp-admin/admin-ajax.php(99): do_action('wp_ajax_fieldAt...')
#4 {main}
  thrown in /var/www/html/wp-content/plugins/uncode-core/vc_extend/add_components.php on line 43

2019-02-19T21:42:41+00:00 CRITICAL Uncaught Error: [] operator not supported for strings in /var/www/html/wp-content/plugins/uncode-core/vc_extend/add_components.php:43
Stack trace:
#0 /var/www/html/wp-includes/class-wp-hook.php(286): uncode_fieldAttachedMedia('')
#1 /var/www/html/wp-includes/class-wp-hook.php(310): WP_Hook->apply_filters('', Array)
#2 /var/www/html/wp-includes/plugin.php(453): WP_Hook->do_action(Array)
#3 /var/www/html/wp-admin/admin-ajax.php(99): do_action('wp_ajax_fieldAt...')
#4 {main}
  thrown in /var/www/html/wp-content/plugins/uncode-core/vc_extend/add_components.php on line 43

2019-02-19T21:42:41+00:00 CRITICAL Uncaught Error: [] operator not supported for strings in /var/www/html/wp-content/plugins/uncode-core/vc_extend/add_components.php:43
Stack trace:
#0 /var/www/html/wp-includes/class-wp-hook.php(286): uncode_fieldAttachedMedia('')
#1 /var/www/html/wp-includes/class-wp-hook.php(310): WP_Hook->apply_filters('', Array)
#2 /var/www/html/wp-includes/plugin.php(453): WP_Hook->do_action(Array)
#3 /var/www/html/wp-admin/admin-ajax.php(99): do_action('wp_ajax_fieldAt...')
#4 {main}
  thrown in /var/www/html/wp-content/plugins/uncode-core/vc_extend/add_components.php on line 43

2019-02-19T21:42:41+00:00 CRITICAL Uncaught Error: [] operator not supported for strings in /var/www/html/wp-content/plugins/uncode-core/vc_extend/add_components.php:43
Stack trace:
#0 /var/www/html/wp-includes/class-wp-hook.php(286): uncode_fieldAttachedMedia('')
#1 /var/www/html/wp-includes/class-wp-hook.php(310): WP_Hook->apply_filters('', Array)
#2 /var/www/html/wp-includes/plugin.php(453): WP_Hook->do_action(Array)
#3 /var/www/html/wp-admin/admin-ajax.php(99): do_action('wp_ajax_fieldAt...')
#4 {main}
  thrown in /var/www/html/wp-content/plugins/uncode-core/vc_extend/add_components.php on line 43

2019-02-19T21:46:58+00:00 CRITICAL Uncaught Error: [] operator not supported for strings in /var/www/html/wp-content/plugins/uncode-core/vc_extend/add_components.php:43
Stack trace:
#0 /var/www/html/wp-includes/class-wp-hook.php(286): uncode_fieldAttachedMedia('')
#1 /var/www/html/wp-includes/class-wp-hook.php(310): WP_Hook->apply_filters('', Array)
#2 /var/www/html/wp-includes/plugin.php(453): WP_Hook->do_action(Array)
#3 /var/www/html/wp-admin/admin-ajax.php(99): do_action('wp_ajax_fieldAt...')
#4 {main}
  thrown in /var/www/html/wp-content/plugins/uncode-core/vc_extend/add_components.php on line 43

2019-02-19T21:46:58+00:00 CRITICAL Uncaught Error: [] operator not supported for strings in /var/www/html/wp-content/plugins/uncode-core/vc_extend/add_components.php:43
Stack trace:
#0 /var/www/html/wp-includes/class-wp-hook.php(286): uncode_fieldAttachedMedia('')
#1 /var/www/html/wp-includes/class-wp-hook.php(310): WP_Hook->apply_filters('', Array)
#2 /var/www/html/wp-includes/plugin.php(453): WP_Hook->do_action(Array)
#3 /var/www/html/wp-admin/admin-ajax.php(99): do_action('wp_ajax_fieldAt...')
#4 {main}
  thrown in /var/www/html/wp-content/plugins/uncode-core/vc_extend/add_components.php on line 43

2019-02-19T21:46:58+00:00 CRITICAL Uncaught Error: [] operator not supported for strings in /var/www/html/wp-content/plugins/uncode-core/vc_extend/add_components.php:43
Stack trace:
#0 /var/www/html/wp-includes/class-wp-hook.php(286): uncode_fieldAttachedMedia('')
#1 /var/www/html/wp-includes/class-wp-hook.php(310): WP_Hook->apply_filters('', Array)
#2 /var/www/html/wp-includes/plugin.php(453): WP_Hook->do_action(Array)
#3 /var/www/html/wp-admin/admin-ajax.php(99): do_action('wp_ajax_fieldAt...')
#4 {main}
  thrown in /var/www/html/wp-content/plugins/uncode-core/vc_extend/add_components.php on line 43

2019-02-19T21:46:58+00:00 CRITICAL Uncaught Error: [] operator not supported for strings in /var/www/html/wp-content/plugins/uncode-core/vc_extend/add_components.php:43
Stack trace:
#0 /var/www/html/wp-includes/class-wp-hook.php(286): uncode_fieldAttachedMedia('')
#1 /var/www/html/wp-includes/class-wp-hook.php(310): WP_Hook->apply_filters('', Array)
#2 /var/www/html/wp-includes/plugin.php(453): WP_Hook->do_action(Array)
#3 /var/www/html/wp-admin/admin-ajax.php(99): do_action('wp_ajax_fieldAt...')
#4 {main}
  thrown in /var/www/html/wp-content/plugins/uncode-core/vc_extend/add_components.php on line 43

2019-02-19T21:46:58+00:00 CRITICAL Uncaught Error: [] operator not supported for strings in /var/www/html/wp-content/plugins/uncode-core/vc_extend/add_components.php:43
Stack trace:
#0 /var/www/html/wp-includes/class-wp-hook.php(286): uncode_fieldAttachedMedia('')
#1 /var/www/html/wp-includes/class-wp-hook.php(310): WP_Hook->apply_filters('', Array)
#2 /var/www/html/wp-includes/plugin.php(453): WP_Hook->do_action(Array)
#3 /var/www/html/wp-admin/admin-ajax.php(99): do_action('wp_ajax_fieldAt...')
#4 {main}
  thrown in /var/www/html/wp-content/plugins/uncode-core/vc_extend/add_components.php on line 43

2019-02-19T21:49:40+00:00 CRITICAL Uncaught Error: [] operator not supported for strings in /var/www/html/wp-content/plugins/uncode-core/vc_extend/add_components.php:43
Stack trace:
#0 /var/www/html/wp-includes/class-wp-hook.php(286): uncode_fieldAttachedMedia('')
#1 /var/www/html/wp-includes/class-wp-hook.php(310): WP_Hook->apply_filters('', Array)
#2 /var/www/html/wp-includes/plugin.php(453): WP_Hook->do_action(Array)
#3 /var/www/html/wp-admin/admin-ajax.php(99): do_action('wp_ajax_fieldAt...')
#4 {main}
  thrown in /var/www/html/wp-content/plugins/uncode-core/vc_extend/add_components.php on line 43

2019-02-19T21:49:40+00:00 CRITICAL Uncaught Error: [] operator not supported for strings in /var/www/html/wp-content/plugins/uncode-core/vc_extend/add_components.php:43
Stack trace:
#0 /var/www/html/wp-includes/class-wp-hook.php(286): uncode_fieldAttachedMedia('')
#1 /var/www/html/wp-includes/class-wp-hook.php(310): WP_Hook->apply_filters('', Array)
#2 /var/www/html/wp-includes/plugin.php(453): WP_Hook->do_action(Array)
#3 /var/www/html/wp-admin/admin-ajax.php(99): do_action('wp_ajax_fieldAt...')
#4 {main}
  thrown in /var/www/html/wp-content/plugins/uncode-core/vc_extend/add_components.php on line 43

2019-02-19T21:49:40+00:00 CRITICAL Uncaught Error: [] operator not supported for strings in /var/www/html/wp-content/plugins/uncode-core/vc_extend/add_components.php:43
Stack trace:
#0 /var/www/html/wp-includes/class-wp-hook.php(286): uncode_fieldAttachedMedia('')
#1 /var/www/html/wp-includes/class-wp-hook.php(310): WP_Hook->apply_filters('', Array)
#2 /var/www/html/wp-includes/plugin.php(453): WP_Hook->do_action(Array)
#3 /var/www/html/wp-admin/admin-ajax.php(99): do_action('wp_ajax_fieldAt...')
#4 {main}
  thrown in /var/www/html/wp-content/plugins/uncode-core/vc_extend/add_components.php on line 43

2019-02-19T21:49:40+00:00 CRITICAL Uncaught Error: [] operator not supported for strings in /var/www/html/wp-content/plugins/uncode-core/vc_extend/add_components.php:43
Stack trace:
#0 /var/www/html/wp-includes/class-wp-hook.php(286): uncode_fieldAttachedMedia('')
#1 /var/www/html/wp-includes/class-wp-hook.php(310): WP_Hook->apply_filters('', Array)
#2 /var/www/html/wp-includes/plugin.php(453): WP_Hook->do_action(Array)
#3 /var/www/html/wp-admin/admin-ajax.php(99): do_action('wp_ajax_fieldAt...')
#4 {main}
  thrown in /var/www/html/wp-content/plugins/uncode-core/vc_extend/add_components.php on line 43

2019-02-19T21:49:40+00:00 CRITICAL Uncaught Error: [] operator not supported for strings in /var/www/html/wp-content/plugins/uncode-core/vc_extend/add_components.php:43
Stack trace:
#0 /var/www/html/wp-includes/class-wp-hook.php(286): uncode_fieldAttachedMedia('')
#1 /var/www/html/wp-includes/class-wp-hook.php(310): WP_Hook->apply_filters('', Array)
#2 /var/www/html/wp-includes/plugin.php(453): WP_Hook->do_action(Array)
#3 /var/www/html/wp-admin/admin-ajax.php(99): do_action('wp_ajax_fieldAt...')
#4 {main}
  thrown in /var/www/html/wp-content/plugins/uncode-core/vc_extend/add_components.php on line 43

2019-02-19T21:49:40+00:00 CRITICAL Uncaught Error: [] operator not supported for strings in /var/www/html/wp-content/plugins/uncode-core/vc_extend/add_components.php:43
Stack trace:
#0 /var/www/html/wp-includes/class-wp-hook.php(286): uncode_fieldAttachedMedia('')
#1 /var/www/html/wp-includes/class-wp-hook.php(310): WP_Hook->apply_filters('', Array)
#2 /var/www/html/wp-includes/plugin.php(453): WP_Hook->do_action(Array)
#3 /var/www/html/wp-admin/admin-ajax.php(99): do_action('wp_ajax_fieldAt...')
#4 {main}
  thrown in /var/www/html/wp-content/plugins/uncode-core/vc_extend/add_components.php on line 43

2019-02-19T21:49:42+00:00 CRITICAL Uncaught Error: [] operator not supported for strings in /var/www/html/wp-content/plugins/uncode-core/vc_extend/add_components.php:43
Stack trace:
#0 /var/www/html/wp-includes/class-wp-hook.php(286): uncode_fieldAttachedMedia('')
#1 /var/www/html/wp-includes/class-wp-hook.php(310): WP_Hook->apply_filters('', Array)
#2 /var/www/html/wp-includes/plugin.php(453): WP_Hook->do_action(Array)
#3 /var/www/html/wp-admin/admin-ajax.php(99): do_action('wp_ajax_fieldAt...')
#4 {main}
  thrown in /var/www/html/wp-content/plugins/uncode-core/vc_extend/add_components.php on line 43

2019-02-19T21:53:00+00:00 CRITICAL Uncaught Error: [] operator not supported for strings in /var/www/html/wp-content/plugins/uncode-core/vc_extend/add_components.php:43
Stack trace:
#0 /var/www/html/wp-includes/class-wp-hook.php(286): uncode_fieldAttachedMedia('')
#1 /var/www/html/wp-includes/class-wp-hook.php(310): WP_Hook->apply_filters('', Array)
#2 /var/www/html/wp-includes/plugin.php(453): WP_Hook->do_action(Array)
#3 /var/www/html/wp-admin/admin-ajax.php(99): do_action('wp_ajax_fieldAt...')
#4 {main}
  thrown in /var/www/html/wp-content/plugins/uncode-core/vc_extend/add_components.php on line 43

2019-02-19T21:53:00+00:00 CRITICAL Uncaught Error: [] operator not supported for strings in /var/www/html/wp-content/plugins/uncode-core/vc_extend/add_components.php:43
Stack trace:
#0 /var/www/html/wp-includes/class-wp-hook.php(286): uncode_fieldAttachedMedia('')
#1 /var/www/html/wp-includes/class-wp-hook.php(310): WP_Hook->apply_filters('', Array)
#2 /var/www/html/wp-includes/plugin.php(453): WP_Hook->do_action(Array)
#3 /var/www/html/wp-admin/admin-ajax.php(99): do_action('wp_ajax_fieldAt...')
#4 {main}
  thrown in /var/www/html/wp-content/plugins/uncode-core/vc_extend/add_components.php on line 43

2019-02-19T21:53:00+00:00 CRITICAL Uncaught Error: [] operator not supported for strings in /var/www/html/wp-content/plugins/uncode-core/vc_extend/add_components.php:43
Stack trace:
#0 /var/www/html/wp-includes/class-wp-hook.php(286): uncode_fieldAttachedMedia('')
#1 /var/www/html/wp-includes/class-wp-hook.php(310): WP_Hook->apply_filters('', Array)
#2 /var/www/html/wp-includes/plugin.php(453): WP_Hook->do_action(Array)
#3 /var/www/html/wp-admin/admin-ajax.php(99): do_action('wp_ajax_fieldAt...')
#4 {main}
  thrown in /var/www/html/wp-content/plugins/uncode-core/vc_extend/add_components.php on line 43

2019-02-19T21:53:00+00:00 CRITICAL Uncaught Error: [] operator not supported for strings in /var/www/html/wp-content/plugins/uncode-core/vc_extend/add_components.php:43
Stack trace:
#0 /var/www/html/wp-includes/class-wp-hook.php(286): uncode_fieldAttachedMedia('')
#1 /var/www/html/wp-includes/class-wp-hook.php(310): WP_Hook->apply_filters('', Array)
#2 /var/www/html/wp-includes/plugin.php(453): WP_Hook->do_action(Array)
#3 /var/www/html/wp-admin/admin-ajax.php(99): do_action('wp_ajax_fieldAt...')
#4 {main}
  thrown in /var/www/html/wp-content/plugins/uncode-core/vc_extend/add_components.php on line 43

2019-02-19T21:53:00+00:00 CRITICAL Uncaught Error: [] operator not supported for strings in /var/www/html/wp-content/plugins/uncode-core/vc_extend/add_components.php:43
Stack trace:
#0 /var/www/html/wp-includes/class-wp-hook.php(286): uncode_fieldAttachedMedia('')
#1 /var/www/html/wp-includes/class-wp-hook.php(310): WP_Hook->apply_filters('', Array)
#2 /var/www/html/wp-includes/plugin.php(453): WP_Hook->do_action(Array)
#3 /var/www/html/wp-admin/admin-ajax.php(99): do_action('wp_ajax_fieldAt...')
#4 {main}
  thrown in /var/www/html/wp-content/plugins/uncode-core/vc_extend/add_components.php on line 43

2019-02-19T21:58:17+00:00 CRITICAL Uncaught Error: [] operator not supported for strings in /var/www/html/wp-content/plugins/uncode-core/vc_extend/add_components.php:43
Stack trace:
#0 /var/www/html/wp-includes/class-wp-hook.php(286): uncode_fieldAttachedMedia('')
#1 /var/www/html/wp-includes/class-wp-hook.php(310): WP_Hook->apply_filters('', Array)
#2 /var/www/html/wp-includes/plugin.php(453): WP_Hook->do_action(Array)
#3 /var/www/html/wp-admin/admin-ajax.php(99): do_action('wp_ajax_fieldAt...')
#4 {main}
  thrown in /var/www/html/wp-content/plugins/uncode-core/vc_extend/add_components.php on line 43

2019-02-19T21:58:17+00:00 CRITICAL Uncaught Error: [] operator not supported for strings in /var/www/html/wp-content/plugins/uncode-core/vc_extend/add_components.php:43
Stack trace:
#0 /var/www/html/wp-includes/class-wp-hook.php(286): uncode_fieldAttachedMedia('')
#1 /var/www/html/wp-includes/class-wp-hook.php(310): WP_Hook->apply_filters('', Array)
#2 /var/www/html/wp-includes/plugin.php(453): WP_Hook->do_action(Array)
#3 /var/www/html/wp-admin/admin-ajax.php(99): do_action('wp_ajax_fieldAt...')
#4 {main}
  thrown in /var/www/html/wp-content/plugins/uncode-core/vc_extend/add_components.php on line 43

2019-02-19T21:58:17+00:00 CRITICAL Uncaught Error: [] operator not supported for strings in /var/www/html/wp-content/plugins/uncode-core/vc_extend/add_components.php:43
Stack trace:
#0 /var/www/html/wp-includes/class-wp-hook.php(286): uncode_fieldAttachedMedia('')
#1 /var/www/html/wp-includes/class-wp-hook.php(310): WP_Hook->apply_filters('', Array)
#2 /var/www/html/wp-includes/plugin.php(453): WP_Hook->do_action(Array)
#3 /var/www/html/wp-admin/admin-ajax.php(99): do_action('wp_ajax_fieldAt...')
#4 {main}
  thrown in /var/www/html/wp-content/plugins/uncode-core/vc_extend/add_components.php on line 43

2019-02-19T21:58:17+00:00 CRITICAL Uncaught Error: [] operator not supported for strings in /var/www/html/wp-content/plugins/uncode-core/vc_extend/add_components.php:43
Stack trace:
#0 /var/www/html/wp-includes/class-wp-hook.php(286): uncode_fieldAttachedMedia('')
#1 /var/www/html/wp-includes/class-wp-hook.php(310): WP_Hook->apply_filters('', Array)
#2 /var/www/html/wp-includes/plugin.php(453): WP_Hook->do_action(Array)
#3 /var/www/html/wp-admin/admin-ajax.php(99): do_action('wp_ajax_fieldAt...')
#4 {main}
  thrown in /var/www/html/wp-content/plugins/uncode-core/vc_extend/add_components.php on line 43

2019-02-19T21:58:17+00:00 CRITICAL Uncaught Error: [] operator not supported for strings in /var/www/html/wp-content/plugins/uncode-core/vc_extend/add_components.php:43
Stack trace:
#0 /var/www/html/wp-includes/class-wp-hook.php(286): uncode_fieldAttachedMedia('')
#1 /var/www/html/wp-includes/class-wp-hook.php(310): WP_Hook->apply_filters('', Array)
#2 /var/www/html/wp-includes/plugin.php(453): WP_Hook->do_action(Array)
#3 /var/www/html/wp-admin/admin-ajax.php(99): do_action('wp_ajax_fieldAt...')
#4 {main}
  thrown in /var/www/html/wp-content/plugins/uncode-core/vc_extend/add_components.php on line 43

2019-02-19T22:05:47+00:00 CRITICAL Uncaught Error: [] operator not supported for strings in /var/www/html/wp-content/plugins/uncode-core/vc_extend/add_components.php:43
Stack trace:
#0 /var/www/html/wp-includes/class-wp-hook.php(286): uncode_fieldAttachedMedia('')
#1 /var/www/html/wp-includes/class-wp-hook.php(310): WP_Hook->apply_filters('', Array)
#2 /var/www/html/wp-includes/plugin.php(453): WP_Hook->do_action(Array)
#3 /var/www/html/wp-admin/admin-ajax.php(99): do_action('wp_ajax_fieldAt...')
#4 {main}
  thrown in /var/www/html/wp-content/plugins/uncode-core/vc_extend/add_components.php on line 43

2019-02-19T22:05:47+00:00 CRITICAL Uncaught Error: [] operator not supported for strings in /var/www/html/wp-content/plugins/uncode-core/vc_extend/add_components.php:43
Stack trace:
#0 /var/www/html/wp-includes/class-wp-hook.php(286): uncode_fieldAttachedMedia('')
#1 /var/www/html/wp-includes/class-wp-hook.php(310): WP_Hook->apply_filters('', Array)
#2 /var/www/html/wp-includes/plugin.php(453): WP_Hook->do_action(Array)
#3 /var/www/html/wp-admin/admin-ajax.php(99): do_action('wp_ajax_fieldAt...')
#4 {main}
  thrown in /var/www/html/wp-content/plugins/uncode-core/vc_extend/add_components.php on line 43

2019-02-19T22:05:47+00:00 CRITICAL Uncaught Error: [] operator not supported for strings in /var/www/html/wp-content/plugins/uncode-core/vc_extend/add_components.php:43
Stack trace:
#0 /var/www/html/wp-includes/class-wp-hook.php(286): uncode_fieldAttachedMedia('')
#1 /var/www/html/wp-includes/class-wp-hook.php(310): WP_Hook->apply_filters('', Array)
#2 /var/www/html/wp-includes/plugin.php(453): WP_Hook->do_action(Array)
#3 /var/www/html/wp-admin/admin-ajax.php(99): do_action('wp_ajax_fieldAt...')
#4 {main}
  thrown in /var/www/html/wp-content/plugins/uncode-core/vc_extend/add_components.php on line 43

2019-02-19T22:05:47+00:00 CRITICAL Uncaught Error: [] operator not supported for strings in /var/www/html/wp-content/plugins/uncode-core/vc_extend/add_components.php:43
Stack trace:
#0 /var/www/html/wp-includes/class-wp-hook.php(286): uncode_fieldAttachedMedia('')
#1 /var/www/html/wp-includes/class-wp-hook.php(310): WP_Hook->apply_filters('', Array)
#2 /var/www/html/wp-includes/plugin.php(453): WP_Hook->do_action(Array)
#3 /var/www/html/wp-admin/admin-ajax.php(99): do_action('wp_ajax_fieldAt...')
#4 {main}
  thrown in /var/www/html/wp-content/plugins/uncode-core/vc_extend/add_components.php on line 43

2019-02-19T22:05:47+00:00 CRITICAL Uncaught Error: [] operator not supported for strings in /var/www/html/wp-content/plugins/uncode-core/vc_extend/add_components.php:43
Stack trace:
#0 /var/www/html/wp-includes/class-wp-hook.php(286): uncode_fieldAttachedMedia('')
#1 /var/www/html/wp-includes/class-wp-hook.php(310): WP_Hook->apply_filters('', Array)
#2 /var/www/html/wp-includes/plugin.php(453): WP_Hook->do_action(Array)
#3 /var/www/html/wp-admin/admin-ajax.php(99): do_action('wp_ajax_fieldAt...')
#4 {main}
  thrown in /var/www/html/wp-content/plugins/uncode-core/vc_extend/add_components.php on line 43

2019-02-19T22:06:36+00:00 CRITICAL Uncaught Error: [] operator not supported for strings in /var/www/html/wp-content/plugins/uncode-core/vc_extend/add_components.php:43
Stack trace:
#0 /var/www/html/wp-includes/class-wp-hook.php(286): uncode_fieldAttachedMedia('')
#1 /var/www/html/wp-includes/class-wp-hook.php(310): WP_Hook->apply_filters('', Array)
#2 /var/www/html/wp-includes/plugin.php(453): WP_Hook->do_action(Array)
#3 /var/www/html/wp-admin/admin-ajax.php(99): do_action('wp_ajax_fieldAt...')
#4 {main}
  thrown in /var/www/html/wp-content/plugins/uncode-core/vc_extend/add_components.php on line 43

2019-02-19T22:06:36+00:00 CRITICAL Uncaught Error: [] operator not supported for strings in /var/www/html/wp-content/plugins/uncode-core/vc_extend/add_components.php:43
Stack trace:
#0 /var/www/html/wp-includes/class-wp-hook.php(286): uncode_fieldAttachedMedia('')
#1 /var/www/html/wp-includes/class-wp-hook.php(310): WP_Hook->apply_filters('', Array)
#2 /var/www/html/wp-includes/plugin.php(453): WP_Hook->do_action(Array)
#3 /var/www/html/wp-admin/admin-ajax.php(99): do_action('wp_ajax_fieldAt...')
#4 {main}
  thrown in /var/www/html/wp-content/plugins/uncode-core/vc_extend/add_components.php on line 43

2019-02-19T22:06:36+00:00 CRITICAL Uncaught Error: [] operator not supported for strings in /var/www/html/wp-content/plugins/uncode-core/vc_extend/add_components.php:43
Stack trace:
#0 /var/www/html/wp-includes/class-wp-hook.php(286): uncode_fieldAttachedMedia('')
#1 /var/www/html/wp-includes/class-wp-hook.php(310): WP_Hook->apply_filters('', Array)
#2 /var/www/html/wp-includes/plugin.php(453): WP_Hook->do_action(Array)
#3 /var/www/html/wp-admin/admin-ajax.php(99): do_action('wp_ajax_fieldAt...')
#4 {main}
  thrown in /var/www/html/wp-content/plugins/uncode-core/vc_extend/add_components.php on line 43

2019-02-19T22:06:36+00:00 CRITICAL Uncaught Error: [] operator not supported for strings in /var/www/html/wp-content/plugins/uncode-core/vc_extend/add_components.php:43
Stack trace:
#0 /var/www/html/wp-includes/class-wp-hook.php(286): uncode_fieldAttachedMedia('')
#1 /var/www/html/wp-includes/class-wp-hook.php(310): WP_Hook->apply_filters('', Array)
#2 /var/www/html/wp-includes/plugin.php(453): WP_Hook->do_action(Array)
#3 /var/www/html/wp-admin/admin-ajax.php(99): do_action('wp_ajax_fieldAt...')
#4 {main}
  thrown in /var/www/html/wp-content/plugins/uncode-core/vc_extend/add_components.php on line 43

2019-02-19T22:06:36+00:00 CRITICAL Uncaught Error: [] operator not supported for strings in /var/www/html/wp-content/plugins/uncode-core/vc_extend/add_components.php:43
Stack trace:
#0 /var/www/html/wp-includes/class-wp-hook.php(286): uncode_fieldAttachedMedia('')
#1 /var/www/html/wp-includes/class-wp-hook.php(310): WP_Hook->apply_filters('', Array)
#2 /var/www/html/wp-includes/plugin.php(453): WP_Hook->do_action(Array)
#3 /var/www/html/wp-admin/admin-ajax.php(99): do_action('wp_ajax_fieldAt...')
#4 {main}
  thrown in /var/www/html/wp-content/plugins/uncode-core/vc_extend/add_components.php on line 43

