2019-02-15T00:41:18+00:00 CRITICAL Uncaught Error: [] operator not supported for strings in /var/www/html/wp-content/plugins/uncode-core/vc_extend/add_components.php:43
Stack trace:
#0 /var/www/html/wp-includes/class-wp-hook.php(286): uncode_fieldAttachedMedia('')
#1 /var/www/html/wp-includes/class-wp-hook.php(310): WP_Hook->apply_filters('', Array)
#2 /var/www/html/wp-includes/plugin.php(453): WP_Hook->do_action(Array)
#3 /var/www/html/wp-admin/admin-ajax.php(99): do_action('wp_ajax_fieldAt...')
#4 {main}
  thrown in /var/www/html/wp-content/plugins/uncode-core/vc_extend/add_components.php on line 43

2019-02-15T00:41:18+00:00 CRITICAL Uncaught Error: [] operator not supported for strings in /var/www/html/wp-content/plugins/uncode-core/vc_extend/add_components.php:43
Stack trace:
#0 /var/www/html/wp-includes/class-wp-hook.php(286): uncode_fieldAttachedMedia('')
#1 /var/www/html/wp-includes/class-wp-hook.php(310): WP_Hook->apply_filters('', Array)
#2 /var/www/html/wp-includes/plugin.php(453): WP_Hook->do_action(Array)
#3 /var/www/html/wp-admin/admin-ajax.php(99): do_action('wp_ajax_fieldAt...')
#4 {main}
  thrown in /var/www/html/wp-content/plugins/uncode-core/vc_extend/add_components.php on line 43

2019-02-15T00:41:32+00:00 CRITICAL Uncaught Error: [] operator not supported for strings in /var/www/html/wp-content/plugins/uncode-core/vc_extend/add_components.php:43
Stack trace:
#0 /var/www/html/wp-includes/class-wp-hook.php(286): uncode_fieldAttachedMedia('')
#1 /var/www/html/wp-includes/class-wp-hook.php(310): WP_Hook->apply_filters('', Array)
#2 /var/www/html/wp-includes/plugin.php(453): WP_Hook->do_action(Array)
#3 /var/www/html/wp-admin/admin-ajax.php(99): do_action('wp_ajax_fieldAt...')
#4 {main}
  thrown in /var/www/html/wp-content/plugins/uncode-core/vc_extend/add_components.php on line 43

2019-02-15T00:41:32+00:00 CRITICAL Uncaught Error: [] operator not supported for strings in /var/www/html/wp-content/plugins/uncode-core/vc_extend/add_components.php:43
Stack trace:
#0 /var/www/html/wp-includes/class-wp-hook.php(286): uncode_fieldAttachedMedia('')
#1 /var/www/html/wp-includes/class-wp-hook.php(310): WP_Hook->apply_filters('', Array)
#2 /var/www/html/wp-includes/plugin.php(453): WP_Hook->do_action(Array)
#3 /var/www/html/wp-admin/admin-ajax.php(99): do_action('wp_ajax_fieldAt...')
#4 {main}
  thrown in /var/www/html/wp-content/plugins/uncode-core/vc_extend/add_components.php on line 43

2019-02-15T00:41:32+00:00 CRITICAL Uncaught Error: [] operator not supported for strings in /var/www/html/wp-content/plugins/uncode-core/vc_extend/add_components.php:43
Stack trace:
#0 /var/www/html/wp-includes/class-wp-hook.php(286): uncode_fieldAttachedMedia('')
#1 /var/www/html/wp-includes/class-wp-hook.php(310): WP_Hook->apply_filters('', Array)
#2 /var/www/html/wp-includes/plugin.php(453): WP_Hook->do_action(Array)
#3 /var/www/html/wp-admin/admin-ajax.php(99): do_action('wp_ajax_fieldAt...')
#4 {main}
  thrown in /var/www/html/wp-content/plugins/uncode-core/vc_extend/add_components.php on line 43

2019-02-15T00:41:32+00:00 CRITICAL Uncaught Error: [] operator not supported for strings in /var/www/html/wp-content/plugins/uncode-core/vc_extend/add_components.php:43
Stack trace:
#0 /var/www/html/wp-includes/class-wp-hook.php(286): uncode_fieldAttachedMedia('')
#1 /var/www/html/wp-includes/class-wp-hook.php(310): WP_Hook->apply_filters('', Array)
#2 /var/www/html/wp-includes/plugin.php(453): WP_Hook->do_action(Array)
#3 /var/www/html/wp-admin/admin-ajax.php(99): do_action('wp_ajax_fieldAt...')
#4 {main}
  thrown in /var/www/html/wp-content/plugins/uncode-core/vc_extend/add_components.php on line 43

2019-02-15T00:44:24+00:00 CRITICAL Uncaught Error: [] operator not supported for strings in /var/www/html/wp-content/plugins/uncode-core/vc_extend/add_components.php:43
Stack trace:
#0 /var/www/html/wp-includes/class-wp-hook.php(286): uncode_fieldAttachedMedia('')
#1 /var/www/html/wp-includes/class-wp-hook.php(310): WP_Hook->apply_filters('', Array)
#2 /var/www/html/wp-includes/plugin.php(453): WP_Hook->do_action(Array)
#3 /var/www/html/wp-admin/admin-ajax.php(99): do_action('wp_ajax_fieldAt...')
#4 {main}
  thrown in /var/www/html/wp-content/plugins/uncode-core/vc_extend/add_components.php on line 43

2019-02-15T00:44:24+00:00 CRITICAL Uncaught Error: [] operator not supported for strings in /var/www/html/wp-content/plugins/uncode-core/vc_extend/add_components.php:43
Stack trace:
#0 /var/www/html/wp-includes/class-wp-hook.php(286): uncode_fieldAttachedMedia('')
#1 /var/www/html/wp-includes/class-wp-hook.php(310): WP_Hook->apply_filters('', Array)
#2 /var/www/html/wp-includes/plugin.php(453): WP_Hook->do_action(Array)
#3 /var/www/html/wp-admin/admin-ajax.php(99): do_action('wp_ajax_fieldAt...')
#4 {main}
  thrown in /var/www/html/wp-content/plugins/uncode-core/vc_extend/add_components.php on line 43

2019-02-15T00:44:44+00:00 CRITICAL Uncaught Error: [] operator not supported for strings in /var/www/html/wp-content/plugins/uncode-core/vc_extend/add_components.php:43
Stack trace:
#0 /var/www/html/wp-includes/class-wp-hook.php(286): uncode_fieldAttachedMedia('')
#1 /var/www/html/wp-includes/class-wp-hook.php(310): WP_Hook->apply_filters('', Array)
#2 /var/www/html/wp-includes/plugin.php(453): WP_Hook->do_action(Array)
#3 /var/www/html/wp-admin/admin-ajax.php(99): do_action('wp_ajax_fieldAt...')
#4 {main}
  thrown in /var/www/html/wp-content/plugins/uncode-core/vc_extend/add_components.php on line 43

2019-02-15T00:44:44+00:00 CRITICAL Uncaught Error: [] operator not supported for strings in /var/www/html/wp-content/plugins/uncode-core/vc_extend/add_components.php:43
Stack trace:
#0 /var/www/html/wp-includes/class-wp-hook.php(286): uncode_fieldAttachedMedia('')
#1 /var/www/html/wp-includes/class-wp-hook.php(310): WP_Hook->apply_filters('', Array)
#2 /var/www/html/wp-includes/plugin.php(453): WP_Hook->do_action(Array)
#3 /var/www/html/wp-admin/admin-ajax.php(99): do_action('wp_ajax_fieldAt...')
#4 {main}
  thrown in /var/www/html/wp-content/plugins/uncode-core/vc_extend/add_components.php on line 43

2019-02-15T00:44:44+00:00 CRITICAL Uncaught Error: [] operator not supported for strings in /var/www/html/wp-content/plugins/uncode-core/vc_extend/add_components.php:43
Stack trace:
#0 /var/www/html/wp-includes/class-wp-hook.php(286): uncode_fieldAttachedMedia('')
#1 /var/www/html/wp-includes/class-wp-hook.php(310): WP_Hook->apply_filters('', Array)
#2 /var/www/html/wp-includes/plugin.php(453): WP_Hook->do_action(Array)
#3 /var/www/html/wp-admin/admin-ajax.php(99): do_action('wp_ajax_fieldAt...')
#4 {main}
  thrown in /var/www/html/wp-content/plugins/uncode-core/vc_extend/add_components.php on line 43

2019-02-15T00:44:44+00:00 CRITICAL Uncaught Error: [] operator not supported for strings in /var/www/html/wp-content/plugins/uncode-core/vc_extend/add_components.php:43
Stack trace:
#0 /var/www/html/wp-includes/class-wp-hook.php(286): uncode_fieldAttachedMedia('')
#1 /var/www/html/wp-includes/class-wp-hook.php(310): WP_Hook->apply_filters('', Array)
#2 /var/www/html/wp-includes/plugin.php(453): WP_Hook->do_action(Array)
#3 /var/www/html/wp-admin/admin-ajax.php(99): do_action('wp_ajax_fieldAt...')
#4 {main}
  thrown in /var/www/html/wp-content/plugins/uncode-core/vc_extend/add_components.php on line 43

2019-02-15T00:59:23+00:00 CRITICAL Uncaught Error: [] operator not supported for strings in /var/www/html/wp-content/plugins/uncode-core/vc_extend/add_components.php:43
Stack trace:
#0 /var/www/html/wp-includes/class-wp-hook.php(286): uncode_fieldAttachedMedia('')
#1 /var/www/html/wp-includes/class-wp-hook.php(310): WP_Hook->apply_filters('', Array)
#2 /var/www/html/wp-includes/plugin.php(453): WP_Hook->do_action(Array)
#3 /var/www/html/wp-admin/admin-ajax.php(99): do_action('wp_ajax_fieldAt...')
#4 {main}
  thrown in /var/www/html/wp-content/plugins/uncode-core/vc_extend/add_components.php on line 43

2019-02-15T00:59:23+00:00 CRITICAL Uncaught Error: [] operator not supported for strings in /var/www/html/wp-content/plugins/uncode-core/vc_extend/add_components.php:43
Stack trace:
#0 /var/www/html/wp-includes/class-wp-hook.php(286): uncode_fieldAttachedMedia('')
#1 /var/www/html/wp-includes/class-wp-hook.php(310): WP_Hook->apply_filters('', Array)
#2 /var/www/html/wp-includes/plugin.php(453): WP_Hook->do_action(Array)
#3 /var/www/html/wp-admin/admin-ajax.php(99): do_action('wp_ajax_fieldAt...')
#4 {main}
  thrown in /var/www/html/wp-content/plugins/uncode-core/vc_extend/add_components.php on line 43

2019-02-15T00:59:23+00:00 CRITICAL Uncaught Error: [] operator not supported for strings in /var/www/html/wp-content/plugins/uncode-core/vc_extend/add_components.php:43
Stack trace:
#0 /var/www/html/wp-includes/class-wp-hook.php(286): uncode_fieldAttachedMedia('')
#1 /var/www/html/wp-includes/class-wp-hook.php(310): WP_Hook->apply_filters('', Array)
#2 /var/www/html/wp-includes/plugin.php(453): WP_Hook->do_action(Array)
#3 /var/www/html/wp-admin/admin-ajax.php(99): do_action('wp_ajax_fieldAt...')
#4 {main}
  thrown in /var/www/html/wp-content/plugins/uncode-core/vc_extend/add_components.php on line 43

2019-02-15T01:00:35+00:00 CRITICAL Uncaught Error: [] operator not supported for strings in /var/www/html/wp-content/plugins/uncode-core/vc_extend/add_components.php:43
Stack trace:
#0 /var/www/html/wp-includes/class-wp-hook.php(286): uncode_fieldAttachedMedia('')
#1 /var/www/html/wp-includes/class-wp-hook.php(310): WP_Hook->apply_filters('', Array)
#2 /var/www/html/wp-includes/plugin.php(453): WP_Hook->do_action(Array)
#3 /var/www/html/wp-admin/admin-ajax.php(99): do_action('wp_ajax_fieldAt...')
#4 {main}
  thrown in /var/www/html/wp-content/plugins/uncode-core/vc_extend/add_components.php on line 43

2019-02-15T01:02:11+00:00 CRITICAL Uncaught Error: [] operator not supported for strings in /var/www/html/wp-content/plugins/uncode-core/vc_extend/add_components.php:43
Stack trace:
#0 /var/www/html/wp-includes/class-wp-hook.php(286): uncode_fieldAttachedMedia('')
#1 /var/www/html/wp-includes/class-wp-hook.php(310): WP_Hook->apply_filters('', Array)
#2 /var/www/html/wp-includes/plugin.php(453): WP_Hook->do_action(Array)
#3 /var/www/html/wp-admin/admin-ajax.php(99): do_action('wp_ajax_fieldAt...')
#4 {main}
  thrown in /var/www/html/wp-content/plugins/uncode-core/vc_extend/add_components.php on line 43

2019-02-15T01:02:11+00:00 CRITICAL Uncaught Error: [] operator not supported for strings in /var/www/html/wp-content/plugins/uncode-core/vc_extend/add_components.php:43
Stack trace:
#0 /var/www/html/wp-includes/class-wp-hook.php(286): uncode_fieldAttachedMedia('')
#1 /var/www/html/wp-includes/class-wp-hook.php(310): WP_Hook->apply_filters('', Array)
#2 /var/www/html/wp-includes/plugin.php(453): WP_Hook->do_action(Array)
#3 /var/www/html/wp-admin/admin-ajax.php(99): do_action('wp_ajax_fieldAt...')
#4 {main}
  thrown in /var/www/html/wp-content/plugins/uncode-core/vc_extend/add_components.php on line 43

2019-02-15T01:02:11+00:00 CRITICAL Uncaught Error: [] operator not supported for strings in /var/www/html/wp-content/plugins/uncode-core/vc_extend/add_components.php:43
Stack trace:
#0 /var/www/html/wp-includes/class-wp-hook.php(286): uncode_fieldAttachedMedia('')
#1 /var/www/html/wp-includes/class-wp-hook.php(310): WP_Hook->apply_filters('', Array)
#2 /var/www/html/wp-includes/plugin.php(453): WP_Hook->do_action(Array)
#3 /var/www/html/wp-admin/admin-ajax.php(99): do_action('wp_ajax_fieldAt...')
#4 {main}
  thrown in /var/www/html/wp-content/plugins/uncode-core/vc_extend/add_components.php on line 43

2019-02-15T01:02:11+00:00 CRITICAL Uncaught Error: [] operator not supported for strings in /var/www/html/wp-content/plugins/uncode-core/vc_extend/add_components.php:43
Stack trace:
#0 /var/www/html/wp-includes/class-wp-hook.php(286): uncode_fieldAttachedMedia('')
#1 /var/www/html/wp-includes/class-wp-hook.php(310): WP_Hook->apply_filters('', Array)
#2 /var/www/html/wp-includes/plugin.php(453): WP_Hook->do_action(Array)
#3 /var/www/html/wp-admin/admin-ajax.php(99): do_action('wp_ajax_fieldAt...')
#4 {main}
  thrown in /var/www/html/wp-content/plugins/uncode-core/vc_extend/add_components.php on line 43

2019-02-15T01:02:11+00:00 CRITICAL Uncaught Error: [] operator not supported for strings in /var/www/html/wp-content/plugins/uncode-core/vc_extend/add_components.php:43
Stack trace:
#0 /var/www/html/wp-includes/class-wp-hook.php(286): uncode_fieldAttachedMedia('')
#1 /var/www/html/wp-includes/class-wp-hook.php(310): WP_Hook->apply_filters('', Array)
#2 /var/www/html/wp-includes/plugin.php(453): WP_Hook->do_action(Array)
#3 /var/www/html/wp-admin/admin-ajax.php(99): do_action('wp_ajax_fieldAt...')
#4 {main}
  thrown in /var/www/html/wp-content/plugins/uncode-core/vc_extend/add_components.php on line 43

2019-02-15T01:02:11+00:00 CRITICAL Uncaught Error: [] operator not supported for strings in /var/www/html/wp-content/plugins/uncode-core/vc_extend/add_components.php:43
Stack trace:
#0 /var/www/html/wp-includes/class-wp-hook.php(286): uncode_fieldAttachedMedia('')
#1 /var/www/html/wp-includes/class-wp-hook.php(310): WP_Hook->apply_filters('', Array)
#2 /var/www/html/wp-includes/plugin.php(453): WP_Hook->do_action(Array)
#3 /var/www/html/wp-admin/admin-ajax.php(99): do_action('wp_ajax_fieldAt...')
#4 {main}
  thrown in /var/www/html/wp-content/plugins/uncode-core/vc_extend/add_components.php on line 43

2019-02-15T17:30:37+00:00 CRITICAL Uncaught Error: [] operator not supported for strings in /var/www/html/wp-content/plugins/uncode-core/vc_extend/add_components.php:43
Stack trace:
#0 /var/www/html/wp-includes/class-wp-hook.php(286): uncode_fieldAttachedMedia('')
#1 /var/www/html/wp-includes/class-wp-hook.php(310): WP_Hook->apply_filters('', Array)
#2 /var/www/html/wp-includes/plugin.php(453): WP_Hook->do_action(Array)
#3 /var/www/html/wp-admin/admin-ajax.php(99): do_action('wp_ajax_fieldAt...')
#4 {main}
  thrown in /var/www/html/wp-content/plugins/uncode-core/vc_extend/add_components.php on line 43

2019-02-15T17:30:37+00:00 CRITICAL Uncaught Error: [] operator not supported for strings in /var/www/html/wp-content/plugins/uncode-core/vc_extend/add_components.php:43
Stack trace:
#0 /var/www/html/wp-includes/class-wp-hook.php(286): uncode_fieldAttachedMedia('')
#1 /var/www/html/wp-includes/class-wp-hook.php(310): WP_Hook->apply_filters('', Array)
#2 /var/www/html/wp-includes/plugin.php(453): WP_Hook->do_action(Array)
#3 /var/www/html/wp-admin/admin-ajax.php(99): do_action('wp_ajax_fieldAt...')
#4 {main}
  thrown in /var/www/html/wp-content/plugins/uncode-core/vc_extend/add_components.php on line 43

2019-02-15T17:30:37+00:00 CRITICAL Uncaught Error: [] operator not supported for strings in /var/www/html/wp-content/plugins/uncode-core/vc_extend/add_components.php:43
Stack trace:
#0 /var/www/html/wp-includes/class-wp-hook.php(286): uncode_fieldAttachedMedia('')
#1 /var/www/html/wp-includes/class-wp-hook.php(310): WP_Hook->apply_filters('', Array)
#2 /var/www/html/wp-includes/plugin.php(453): WP_Hook->do_action(Array)
#3 /var/www/html/wp-admin/admin-ajax.php(99): do_action('wp_ajax_fieldAt...')
#4 {main}
  thrown in /var/www/html/wp-content/plugins/uncode-core/vc_extend/add_components.php on line 43

2019-02-15T17:32:33+00:00 CRITICAL Uncaught Error: [] operator not supported for strings in /var/www/html/wp-content/plugins/uncode-core/vc_extend/add_components.php:43
Stack trace:
#0 /var/www/html/wp-includes/class-wp-hook.php(286): uncode_fieldAttachedMedia('')
#1 /var/www/html/wp-includes/class-wp-hook.php(310): WP_Hook->apply_filters('', Array)
#2 /var/www/html/wp-includes/plugin.php(453): WP_Hook->do_action(Array)
#3 /var/www/html/wp-admin/admin-ajax.php(99): do_action('wp_ajax_fieldAt...')
#4 {main}
  thrown in /var/www/html/wp-content/plugins/uncode-core/vc_extend/add_components.php on line 43

2019-02-15T17:32:33+00:00 CRITICAL Uncaught Error: [] operator not supported for strings in /var/www/html/wp-content/plugins/uncode-core/vc_extend/add_components.php:43
Stack trace:
#0 /var/www/html/wp-includes/class-wp-hook.php(286): uncode_fieldAttachedMedia('')
#1 /var/www/html/wp-includes/class-wp-hook.php(310): WP_Hook->apply_filters('', Array)
#2 /var/www/html/wp-includes/plugin.php(453): WP_Hook->do_action(Array)
#3 /var/www/html/wp-admin/admin-ajax.php(99): do_action('wp_ajax_fieldAt...')
#4 {main}
  thrown in /var/www/html/wp-content/plugins/uncode-core/vc_extend/add_components.php on line 43

2019-02-15T17:32:33+00:00 CRITICAL Uncaught Error: [] operator not supported for strings in /var/www/html/wp-content/plugins/uncode-core/vc_extend/add_components.php:43
Stack trace:
#0 /var/www/html/wp-includes/class-wp-hook.php(286): uncode_fieldAttachedMedia('')
#1 /var/www/html/wp-includes/class-wp-hook.php(310): WP_Hook->apply_filters('', Array)
#2 /var/www/html/wp-includes/plugin.php(453): WP_Hook->do_action(Array)
#3 /var/www/html/wp-admin/admin-ajax.php(99): do_action('wp_ajax_fieldAt...')
#4 {main}
  thrown in /var/www/html/wp-content/plugins/uncode-core/vc_extend/add_components.php on line 43

2019-02-15T17:32:47+00:00 CRITICAL Uncaught Error: [] operator not supported for strings in /var/www/html/wp-content/plugins/uncode-core/vc_extend/add_components.php:43
Stack trace:
#0 /var/www/html/wp-includes/class-wp-hook.php(286): uncode_fieldAttachedMedia('')
#1 /var/www/html/wp-includes/class-wp-hook.php(310): WP_Hook->apply_filters('', Array)
#2 /var/www/html/wp-includes/plugin.php(453): WP_Hook->do_action(Array)
#3 /var/www/html/wp-admin/admin-ajax.php(99): do_action('wp_ajax_fieldAt...')
#4 {main}
  thrown in /var/www/html/wp-content/plugins/uncode-core/vc_extend/add_components.php on line 43

2019-02-15T17:32:47+00:00 CRITICAL Uncaught Error: [] operator not supported for strings in /var/www/html/wp-content/plugins/uncode-core/vc_extend/add_components.php:43
Stack trace:
#0 /var/www/html/wp-includes/class-wp-hook.php(286): uncode_fieldAttachedMedia('')
#1 /var/www/html/wp-includes/class-wp-hook.php(310): WP_Hook->apply_filters('', Array)
#2 /var/www/html/wp-includes/plugin.php(453): WP_Hook->do_action(Array)
#3 /var/www/html/wp-admin/admin-ajax.php(99): do_action('wp_ajax_fieldAt...')
#4 {main}
  thrown in /var/www/html/wp-content/plugins/uncode-core/vc_extend/add_components.php on line 43

2019-02-15T17:32:47+00:00 CRITICAL Uncaught Error: [] operator not supported for strings in /var/www/html/wp-content/plugins/uncode-core/vc_extend/add_components.php:43
Stack trace:
#0 /var/www/html/wp-includes/class-wp-hook.php(286): uncode_fieldAttachedMedia('')
#1 /var/www/html/wp-includes/class-wp-hook.php(310): WP_Hook->apply_filters('', Array)
#2 /var/www/html/wp-includes/plugin.php(453): WP_Hook->do_action(Array)
#3 /var/www/html/wp-admin/admin-ajax.php(99): do_action('wp_ajax_fieldAt...')
#4 {main}
  thrown in /var/www/html/wp-content/plugins/uncode-core/vc_extend/add_components.php on line 43

2019-02-15T17:32:48+00:00 CRITICAL Uncaught Error: [] operator not supported for strings in /var/www/html/wp-content/plugins/uncode-core/vc_extend/add_components.php:43
Stack trace:
#0 /var/www/html/wp-includes/class-wp-hook.php(286): uncode_fieldAttachedMedia('')
#1 /var/www/html/wp-includes/class-wp-hook.php(310): WP_Hook->apply_filters('', Array)
#2 /var/www/html/wp-includes/plugin.php(453): WP_Hook->do_action(Array)
#3 /var/www/html/wp-admin/admin-ajax.php(99): do_action('wp_ajax_fieldAt...')
#4 {main}
  thrown in /var/www/html/wp-content/plugins/uncode-core/vc_extend/add_components.php on line 43

2019-02-15T17:32:48+00:00 CRITICAL Uncaught Error: [] operator not supported for strings in /var/www/html/wp-content/plugins/uncode-core/vc_extend/add_components.php:43
Stack trace:
#0 /var/www/html/wp-includes/class-wp-hook.php(286): uncode_fieldAttachedMedia('')
#1 /var/www/html/wp-includes/class-wp-hook.php(310): WP_Hook->apply_filters('', Array)
#2 /var/www/html/wp-includes/plugin.php(453): WP_Hook->do_action(Array)
#3 /var/www/html/wp-admin/admin-ajax.php(99): do_action('wp_ajax_fieldAt...')
#4 {main}
  thrown in /var/www/html/wp-content/plugins/uncode-core/vc_extend/add_components.php on line 43

2019-02-15T17:33:03+00:00 CRITICAL Uncaught Error: [] operator not supported for strings in /var/www/html/wp-content/plugins/uncode-core/vc_extend/add_components.php:43
Stack trace:
#0 /var/www/html/wp-includes/class-wp-hook.php(286): uncode_fieldAttachedMedia('')
#1 /var/www/html/wp-includes/class-wp-hook.php(310): WP_Hook->apply_filters('', Array)
#2 /var/www/html/wp-includes/plugin.php(453): WP_Hook->do_action(Array)
#3 /var/www/html/wp-admin/admin-ajax.php(99): do_action('wp_ajax_fieldAt...')
#4 {main}
  thrown in /var/www/html/wp-content/plugins/uncode-core/vc_extend/add_components.php on line 43

2019-02-15T17:34:18+00:00 CRITICAL Uncaught Error: [] operator not supported for strings in /var/www/html/wp-content/plugins/uncode-core/vc_extend/add_components.php:43
Stack trace:
#0 /var/www/html/wp-includes/class-wp-hook.php(286): uncode_fieldAttachedMedia('')
#1 /var/www/html/wp-includes/class-wp-hook.php(310): WP_Hook->apply_filters('', Array)
#2 /var/www/html/wp-includes/plugin.php(453): WP_Hook->do_action(Array)
#3 /var/www/html/wp-admin/admin-ajax.php(99): do_action('wp_ajax_fieldAt...')
#4 {main}
  thrown in /var/www/html/wp-content/plugins/uncode-core/vc_extend/add_components.php on line 43

2019-02-15T17:34:18+00:00 CRITICAL Uncaught Error: [] operator not supported for strings in /var/www/html/wp-content/plugins/uncode-core/vc_extend/add_components.php:43
Stack trace:
#0 /var/www/html/wp-includes/class-wp-hook.php(286): uncode_fieldAttachedMedia('')
#1 /var/www/html/wp-includes/class-wp-hook.php(310): WP_Hook->apply_filters('', Array)
#2 /var/www/html/wp-includes/plugin.php(453): WP_Hook->do_action(Array)
#3 /var/www/html/wp-admin/admin-ajax.php(99): do_action('wp_ajax_fieldAt...')
#4 {main}
  thrown in /var/www/html/wp-content/plugins/uncode-core/vc_extend/add_components.php on line 43

2019-02-15T17:34:18+00:00 CRITICAL Uncaught Error: [] operator not supported for strings in /var/www/html/wp-content/plugins/uncode-core/vc_extend/add_components.php:43
Stack trace:
#0 /var/www/html/wp-includes/class-wp-hook.php(286): uncode_fieldAttachedMedia('')
#1 /var/www/html/wp-includes/class-wp-hook.php(310): WP_Hook->apply_filters('', Array)
#2 /var/www/html/wp-includes/plugin.php(453): WP_Hook->do_action(Array)
#3 /var/www/html/wp-admin/admin-ajax.php(99): do_action('wp_ajax_fieldAt...')
#4 {main}
  thrown in /var/www/html/wp-content/plugins/uncode-core/vc_extend/add_components.php on line 43

2019-02-15T17:34:48+00:00 CRITICAL Uncaught Error: [] operator not supported for strings in /var/www/html/wp-content/plugins/uncode-core/vc_extend/add_components.php:43
Stack trace:
#0 /var/www/html/wp-includes/class-wp-hook.php(286): uncode_fieldAttachedMedia('')
#1 /var/www/html/wp-includes/class-wp-hook.php(310): WP_Hook->apply_filters('', Array)
#2 /var/www/html/wp-includes/plugin.php(453): WP_Hook->do_action(Array)
#3 /var/www/html/wp-admin/admin-ajax.php(99): do_action('wp_ajax_fieldAt...')
#4 {main}
  thrown in /var/www/html/wp-content/plugins/uncode-core/vc_extend/add_components.php on line 43

2019-02-15T17:35:27+00:00 CRITICAL Uncaught Error: [] operator not supported for strings in /var/www/html/wp-content/plugins/uncode-core/vc_extend/add_components.php:43
Stack trace:
#0 /var/www/html/wp-includes/class-wp-hook.php(286): uncode_fieldAttachedMedia('')
#1 /var/www/html/wp-includes/class-wp-hook.php(310): WP_Hook->apply_filters('', Array)
#2 /var/www/html/wp-includes/plugin.php(453): WP_Hook->do_action(Array)
#3 /var/www/html/wp-admin/admin-ajax.php(99): do_action('wp_ajax_fieldAt...')
#4 {main}
  thrown in /var/www/html/wp-content/plugins/uncode-core/vc_extend/add_components.php on line 43

2019-02-15T17:41:06+00:00 CRITICAL Uncaught Error: [] operator not supported for strings in /var/www/html/wp-content/plugins/uncode-core/vc_extend/add_components.php:43
Stack trace:
#0 /var/www/html/wp-includes/class-wp-hook.php(286): uncode_fieldAttachedMedia('')
#1 /var/www/html/wp-includes/class-wp-hook.php(310): WP_Hook->apply_filters('', Array)
#2 /var/www/html/wp-includes/plugin.php(453): WP_Hook->do_action(Array)
#3 /var/www/html/wp-admin/admin-ajax.php(99): do_action('wp_ajax_fieldAt...')
#4 {main}
  thrown in /var/www/html/wp-content/plugins/uncode-core/vc_extend/add_components.php on line 43

2019-02-15T17:41:06+00:00 CRITICAL Uncaught Error: [] operator not supported for strings in /var/www/html/wp-content/plugins/uncode-core/vc_extend/add_components.php:43
Stack trace:
#0 /var/www/html/wp-includes/class-wp-hook.php(286): uncode_fieldAttachedMedia('')
#1 /var/www/html/wp-includes/class-wp-hook.php(310): WP_Hook->apply_filters('', Array)
#2 /var/www/html/wp-includes/plugin.php(453): WP_Hook->do_action(Array)
#3 /var/www/html/wp-admin/admin-ajax.php(99): do_action('wp_ajax_fieldAt...')
#4 {main}
  thrown in /var/www/html/wp-content/plugins/uncode-core/vc_extend/add_components.php on line 43

2019-02-15T17:59:26+00:00 CRITICAL Uncaught Error: [] operator not supported for strings in /var/www/html/wp-content/plugins/uncode-core/vc_extend/add_components.php:43
Stack trace:
#0 /var/www/html/wp-includes/class-wp-hook.php(286): uncode_fieldAttachedMedia('')
#1 /var/www/html/wp-includes/class-wp-hook.php(310): WP_Hook->apply_filters('', Array)
#2 /var/www/html/wp-includes/plugin.php(453): WP_Hook->do_action(Array)
#3 /var/www/html/wp-admin/admin-ajax.php(99): do_action('wp_ajax_fieldAt...')
#4 {main}
  thrown in /var/www/html/wp-content/plugins/uncode-core/vc_extend/add_components.php on line 43

2019-02-15T17:59:26+00:00 CRITICAL Uncaught Error: [] operator not supported for strings in /var/www/html/wp-content/plugins/uncode-core/vc_extend/add_components.php:43
Stack trace:
#0 /var/www/html/wp-includes/class-wp-hook.php(286): uncode_fieldAttachedMedia('')
#1 /var/www/html/wp-includes/class-wp-hook.php(310): WP_Hook->apply_filters('', Array)
#2 /var/www/html/wp-includes/plugin.php(453): WP_Hook->do_action(Array)
#3 /var/www/html/wp-admin/admin-ajax.php(99): do_action('wp_ajax_fieldAt...')
#4 {main}
  thrown in /var/www/html/wp-content/plugins/uncode-core/vc_extend/add_components.php on line 43

2019-02-15T17:59:26+00:00 CRITICAL Uncaught Error: [] operator not supported for strings in /var/www/html/wp-content/plugins/uncode-core/vc_extend/add_components.php:43
Stack trace:
#0 /var/www/html/wp-includes/class-wp-hook.php(286): uncode_fieldAttachedMedia('')
#1 /var/www/html/wp-includes/class-wp-hook.php(310): WP_Hook->apply_filters('', Array)
#2 /var/www/html/wp-includes/plugin.php(453): WP_Hook->do_action(Array)
#3 /var/www/html/wp-admin/admin-ajax.php(99): do_action('wp_ajax_fieldAt...')
#4 {main}
  thrown in /var/www/html/wp-content/plugins/uncode-core/vc_extend/add_components.php on line 43

2019-02-15T17:59:26+00:00 CRITICAL Uncaught Error: [] operator not supported for strings in /var/www/html/wp-content/plugins/uncode-core/vc_extend/add_components.php:43
Stack trace:
#0 /var/www/html/wp-includes/class-wp-hook.php(286): uncode_fieldAttachedMedia('')
#1 /var/www/html/wp-includes/class-wp-hook.php(310): WP_Hook->apply_filters('', Array)
#2 /var/www/html/wp-includes/plugin.php(453): WP_Hook->do_action(Array)
#3 /var/www/html/wp-admin/admin-ajax.php(99): do_action('wp_ajax_fieldAt...')
#4 {main}
  thrown in /var/www/html/wp-content/plugins/uncode-core/vc_extend/add_components.php on line 43

2019-02-15T18:22:41+00:00 CRITICAL Uncaught Error: [] operator not supported for strings in /var/www/html/wp-content/plugins/uncode-core/vc_extend/add_components.php:43
Stack trace:
#0 /var/www/html/wp-includes/class-wp-hook.php(286): uncode_fieldAttachedMedia('')
#1 /var/www/html/wp-includes/class-wp-hook.php(310): WP_Hook->apply_filters('', Array)
#2 /var/www/html/wp-includes/plugin.php(453): WP_Hook->do_action(Array)
#3 /var/www/html/wp-admin/admin-ajax.php(99): do_action('wp_ajax_fieldAt...')
#4 {main}
  thrown in /var/www/html/wp-content/plugins/uncode-core/vc_extend/add_components.php on line 43

2019-02-15T18:22:41+00:00 CRITICAL Uncaught Error: [] operator not supported for strings in /var/www/html/wp-content/plugins/uncode-core/vc_extend/add_components.php:43
Stack trace:
#0 /var/www/html/wp-includes/class-wp-hook.php(286): uncode_fieldAttachedMedia('')
#1 /var/www/html/wp-includes/class-wp-hook.php(310): WP_Hook->apply_filters('', Array)
#2 /var/www/html/wp-includes/plugin.php(453): WP_Hook->do_action(Array)
#3 /var/www/html/wp-admin/admin-ajax.php(99): do_action('wp_ajax_fieldAt...')
#4 {main}
  thrown in /var/www/html/wp-content/plugins/uncode-core/vc_extend/add_components.php on line 43

2019-02-15T18:23:33+00:00 CRITICAL Uncaught Error: [] operator not supported for strings in /var/www/html/wp-content/plugins/uncode-core/vc_extend/add_components.php:43
Stack trace:
#0 /var/www/html/wp-includes/class-wp-hook.php(286): uncode_fieldAttachedMedia('')
#1 /var/www/html/wp-includes/class-wp-hook.php(310): WP_Hook->apply_filters('', Array)
#2 /var/www/html/wp-includes/plugin.php(453): WP_Hook->do_action(Array)
#3 /var/www/html/wp-admin/admin-ajax.php(99): do_action('wp_ajax_fieldAt...')
#4 {main}
  thrown in /var/www/html/wp-content/plugins/uncode-core/vc_extend/add_components.php on line 43

2019-02-15T18:23:33+00:00 CRITICAL Uncaught Error: [] operator not supported for strings in /var/www/html/wp-content/plugins/uncode-core/vc_extend/add_components.php:43
Stack trace:
#0 /var/www/html/wp-includes/class-wp-hook.php(286): uncode_fieldAttachedMedia('')
#1 /var/www/html/wp-includes/class-wp-hook.php(310): WP_Hook->apply_filters('', Array)
#2 /var/www/html/wp-includes/plugin.php(453): WP_Hook->do_action(Array)
#3 /var/www/html/wp-admin/admin-ajax.php(99): do_action('wp_ajax_fieldAt...')
#4 {main}
  thrown in /var/www/html/wp-content/plugins/uncode-core/vc_extend/add_components.php on line 43

2019-02-15T20:26:01+00:00 CRITICAL Uncaught Error: [] operator not supported for strings in /var/www/html/wp-content/plugins/uncode-core/vc_extend/add_components.php:43
Stack trace:
#0 /var/www/html/wp-includes/class-wp-hook.php(286): uncode_fieldAttachedMedia('')
#1 /var/www/html/wp-includes/class-wp-hook.php(310): WP_Hook->apply_filters('', Array)
#2 /var/www/html/wp-includes/plugin.php(453): WP_Hook->do_action(Array)
#3 /var/www/html/wp-admin/admin-ajax.php(99): do_action('wp_ajax_fieldAt...')
#4 {main}
  thrown in /var/www/html/wp-content/plugins/uncode-core/vc_extend/add_components.php on line 43

2019-02-15T20:26:01+00:00 CRITICAL Uncaught Error: [] operator not supported for strings in /var/www/html/wp-content/plugins/uncode-core/vc_extend/add_components.php:43
Stack trace:
#0 /var/www/html/wp-includes/class-wp-hook.php(286): uncode_fieldAttachedMedia('')
#1 /var/www/html/wp-includes/class-wp-hook.php(310): WP_Hook->apply_filters('', Array)
#2 /var/www/html/wp-includes/plugin.php(453): WP_Hook->do_action(Array)
#3 /var/www/html/wp-admin/admin-ajax.php(99): do_action('wp_ajax_fieldAt...')
#4 {main}
  thrown in /var/www/html/wp-content/plugins/uncode-core/vc_extend/add_components.php on line 43

2019-02-15T20:26:01+00:00 CRITICAL Uncaught Error: [] operator not supported for strings in /var/www/html/wp-content/plugins/uncode-core/vc_extend/add_components.php:43
Stack trace:
#0 /var/www/html/wp-includes/class-wp-hook.php(286): uncode_fieldAttachedMedia('')
#1 /var/www/html/wp-includes/class-wp-hook.php(310): WP_Hook->apply_filters('', Array)
#2 /var/www/html/wp-includes/plugin.php(453): WP_Hook->do_action(Array)
#3 /var/www/html/wp-admin/admin-ajax.php(99): do_action('wp_ajax_fieldAt...')
#4 {main}
  thrown in /var/www/html/wp-content/plugins/uncode-core/vc_extend/add_components.php on line 43

2019-02-15T20:26:01+00:00 CRITICAL Uncaught Error: [] operator not supported for strings in /var/www/html/wp-content/plugins/uncode-core/vc_extend/add_components.php:43
Stack trace:
#0 /var/www/html/wp-includes/class-wp-hook.php(286): uncode_fieldAttachedMedia('')
#1 /var/www/html/wp-includes/class-wp-hook.php(310): WP_Hook->apply_filters('', Array)
#2 /var/www/html/wp-includes/plugin.php(453): WP_Hook->do_action(Array)
#3 /var/www/html/wp-admin/admin-ajax.php(99): do_action('wp_ajax_fieldAt...')
#4 {main}
  thrown in /var/www/html/wp-content/plugins/uncode-core/vc_extend/add_components.php on line 43

2019-02-15T20:33:07+00:00 CRITICAL Uncaught Error: [] operator not supported for strings in /var/www/html/wp-content/plugins/uncode-core/vc_extend/add_components.php:43
Stack trace:
#0 /var/www/html/wp-includes/class-wp-hook.php(286): uncode_fieldAttachedMedia('')
#1 /var/www/html/wp-includes/class-wp-hook.php(310): WP_Hook->apply_filters('', Array)
#2 /var/www/html/wp-includes/plugin.php(453): WP_Hook->do_action(Array)
#3 /var/www/html/wp-admin/admin-ajax.php(99): do_action('wp_ajax_fieldAt...')
#4 {main}
  thrown in /var/www/html/wp-content/plugins/uncode-core/vc_extend/add_components.php on line 43

2019-02-15T20:33:07+00:00 CRITICAL Uncaught Error: [] operator not supported for strings in /var/www/html/wp-content/plugins/uncode-core/vc_extend/add_components.php:43
Stack trace:
#0 /var/www/html/wp-includes/class-wp-hook.php(286): uncode_fieldAttachedMedia('')
#1 /var/www/html/wp-includes/class-wp-hook.php(310): WP_Hook->apply_filters('', Array)
#2 /var/www/html/wp-includes/plugin.php(453): WP_Hook->do_action(Array)
#3 /var/www/html/wp-admin/admin-ajax.php(99): do_action('wp_ajax_fieldAt...')
#4 {main}
  thrown in /var/www/html/wp-content/plugins/uncode-core/vc_extend/add_components.php on line 43

2019-02-15T20:33:07+00:00 CRITICAL Uncaught Error: [] operator not supported for strings in /var/www/html/wp-content/plugins/uncode-core/vc_extend/add_components.php:43
Stack trace:
#0 /var/www/html/wp-includes/class-wp-hook.php(286): uncode_fieldAttachedMedia('')
#1 /var/www/html/wp-includes/class-wp-hook.php(310): WP_Hook->apply_filters('', Array)
#2 /var/www/html/wp-includes/plugin.php(453): WP_Hook->do_action(Array)
#3 /var/www/html/wp-admin/admin-ajax.php(99): do_action('wp_ajax_fieldAt...')
#4 {main}
  thrown in /var/www/html/wp-content/plugins/uncode-core/vc_extend/add_components.php on line 43

2019-02-15T20:33:07+00:00 CRITICAL Uncaught Error: [] operator not supported for strings in /var/www/html/wp-content/plugins/uncode-core/vc_extend/add_components.php:43
Stack trace:
#0 /var/www/html/wp-includes/class-wp-hook.php(286): uncode_fieldAttachedMedia('')
#1 /var/www/html/wp-includes/class-wp-hook.php(310): WP_Hook->apply_filters('', Array)
#2 /var/www/html/wp-includes/plugin.php(453): WP_Hook->do_action(Array)
#3 /var/www/html/wp-admin/admin-ajax.php(99): do_action('wp_ajax_fieldAt...')
#4 {main}
  thrown in /var/www/html/wp-content/plugins/uncode-core/vc_extend/add_components.php on line 43

2019-02-15T20:33:21+00:00 CRITICAL Uncaught Error: [] operator not supported for strings in /var/www/html/wp-content/plugins/uncode-core/vc_extend/add_components.php:43
Stack trace:
#0 /var/www/html/wp-includes/class-wp-hook.php(286): uncode_fieldAttachedMedia('')
#1 /var/www/html/wp-includes/class-wp-hook.php(310): WP_Hook->apply_filters('', Array)
#2 /var/www/html/wp-includes/plugin.php(453): WP_Hook->do_action(Array)
#3 /var/www/html/wp-admin/admin-ajax.php(99): do_action('wp_ajax_fieldAt...')
#4 {main}
  thrown in /var/www/html/wp-content/plugins/uncode-core/vc_extend/add_components.php on line 43

2019-02-15T20:33:21+00:00 CRITICAL Uncaught Error: [] operator not supported for strings in /var/www/html/wp-content/plugins/uncode-core/vc_extend/add_components.php:43
Stack trace:
#0 /var/www/html/wp-includes/class-wp-hook.php(286): uncode_fieldAttachedMedia('')
#1 /var/www/html/wp-includes/class-wp-hook.php(310): WP_Hook->apply_filters('', Array)
#2 /var/www/html/wp-includes/plugin.php(453): WP_Hook->do_action(Array)
#3 /var/www/html/wp-admin/admin-ajax.php(99): do_action('wp_ajax_fieldAt...')
#4 {main}
  thrown in /var/www/html/wp-content/plugins/uncode-core/vc_extend/add_components.php on line 43

2019-02-15T20:33:21+00:00 CRITICAL Uncaught Error: [] operator not supported for strings in /var/www/html/wp-content/plugins/uncode-core/vc_extend/add_components.php:43
Stack trace:
#0 /var/www/html/wp-includes/class-wp-hook.php(286): uncode_fieldAttachedMedia('')
#1 /var/www/html/wp-includes/class-wp-hook.php(310): WP_Hook->apply_filters('', Array)
#2 /var/www/html/wp-includes/plugin.php(453): WP_Hook->do_action(Array)
#3 /var/www/html/wp-admin/admin-ajax.php(99): do_action('wp_ajax_fieldAt...')
#4 {main}
  thrown in /var/www/html/wp-content/plugins/uncode-core/vc_extend/add_components.php on line 43

2019-02-15T20:33:21+00:00 CRITICAL Uncaught Error: [] operator not supported for strings in /var/www/html/wp-content/plugins/uncode-core/vc_extend/add_components.php:43
Stack trace:
#0 /var/www/html/wp-includes/class-wp-hook.php(286): uncode_fieldAttachedMedia('')
#1 /var/www/html/wp-includes/class-wp-hook.php(310): WP_Hook->apply_filters('', Array)
#2 /var/www/html/wp-includes/plugin.php(453): WP_Hook->do_action(Array)
#3 /var/www/html/wp-admin/admin-ajax.php(99): do_action('wp_ajax_fieldAt...')
#4 {main}
  thrown in /var/www/html/wp-content/plugins/uncode-core/vc_extend/add_components.php on line 43

2019-02-15T20:41:43+00:00 CRITICAL Uncaught Error: [] operator not supported for strings in /var/www/html/wp-content/plugins/uncode-core/vc_extend/add_components.php:43
Stack trace:
#0 /var/www/html/wp-includes/class-wp-hook.php(286): uncode_fieldAttachedMedia('')
#1 /var/www/html/wp-includes/class-wp-hook.php(310): WP_Hook->apply_filters('', Array)
#2 /var/www/html/wp-includes/plugin.php(453): WP_Hook->do_action(Array)
#3 /var/www/html/wp-admin/admin-ajax.php(99): do_action('wp_ajax_fieldAt...')
#4 {main}
  thrown in /var/www/html/wp-content/plugins/uncode-core/vc_extend/add_components.php on line 43

2019-02-15T20:41:43+00:00 CRITICAL Uncaught Error: [] operator not supported for strings in /var/www/html/wp-content/plugins/uncode-core/vc_extend/add_components.php:43
Stack trace:
#0 /var/www/html/wp-includes/class-wp-hook.php(286): uncode_fieldAttachedMedia('')
#1 /var/www/html/wp-includes/class-wp-hook.php(310): WP_Hook->apply_filters('', Array)
#2 /var/www/html/wp-includes/plugin.php(453): WP_Hook->do_action(Array)
#3 /var/www/html/wp-admin/admin-ajax.php(99): do_action('wp_ajax_fieldAt...')
#4 {main}
  thrown in /var/www/html/wp-content/plugins/uncode-core/vc_extend/add_components.php on line 43

2019-02-15T20:41:43+00:00 CRITICAL Uncaught Error: [] operator not supported for strings in /var/www/html/wp-content/plugins/uncode-core/vc_extend/add_components.php:43
Stack trace:
#0 /var/www/html/wp-includes/class-wp-hook.php(286): uncode_fieldAttachedMedia('')
#1 /var/www/html/wp-includes/class-wp-hook.php(310): WP_Hook->apply_filters('', Array)
#2 /var/www/html/wp-includes/plugin.php(453): WP_Hook->do_action(Array)
#3 /var/www/html/wp-admin/admin-ajax.php(99): do_action('wp_ajax_fieldAt...')
#4 {main}
  thrown in /var/www/html/wp-content/plugins/uncode-core/vc_extend/add_components.php on line 43

2019-02-15T20:41:43+00:00 CRITICAL Uncaught Error: [] operator not supported for strings in /var/www/html/wp-content/plugins/uncode-core/vc_extend/add_components.php:43
Stack trace:
#0 /var/www/html/wp-includes/class-wp-hook.php(286): uncode_fieldAttachedMedia('')
#1 /var/www/html/wp-includes/class-wp-hook.php(310): WP_Hook->apply_filters('', Array)
#2 /var/www/html/wp-includes/plugin.php(453): WP_Hook->do_action(Array)
#3 /var/www/html/wp-admin/admin-ajax.php(99): do_action('wp_ajax_fieldAt...')
#4 {main}
  thrown in /var/www/html/wp-content/plugins/uncode-core/vc_extend/add_components.php on line 43

